[2023-01-23T15:45:18.385+0000] {taskinstance.py:1087} INFO - Dependencies all met for <TaskInstance: exercise15.read_users manual__2023-01-23T15:45:15.353379+00:00 [queued]>
[2023-01-23T15:45:18.416+0000] {taskinstance.py:1087} INFO - Dependencies all met for <TaskInstance: exercise15.read_users manual__2023-01-23T15:45:15.353379+00:00 [queued]>
[2023-01-23T15:45:18.416+0000] {taskinstance.py:1283} INFO - 
--------------------------------------------------------------------------------
[2023-01-23T15:45:18.417+0000] {taskinstance.py:1284} INFO - Starting attempt 1 of 1
[2023-01-23T15:45:18.417+0000] {taskinstance.py:1285} INFO - 
--------------------------------------------------------------------------------
[2023-01-23T15:45:18.463+0000] {taskinstance.py:1304} INFO - Executing <Task(_PythonDecoratedOperator): read_users> on 2023-01-23 15:45:15.353379+00:00
[2023-01-23T15:45:18.473+0000] {standard_task_runner.py:55} INFO - Started process 2203 to run task
[2023-01-23T15:45:18.487+0000] {standard_task_runner.py:82} INFO - Running: ['***', 'tasks', 'run', 'exercise15', 'read_users', 'manual__2023-01-23T15:45:15.353379+00:00', '--job-id', '20', '--raw', '--subdir', 'DAGS_FOLDER/exercise15.py', '--cfg-path', '/tmp/tmphw_3ixaj']
[2023-01-23T15:45:18.493+0000] {standard_task_runner.py:83} INFO - Job 20: Subtask read_users
[2023-01-23T15:45:18.666+0000] {task_command.py:389} INFO - Running <TaskInstance: exercise15.read_users manual__2023-01-23T15:45:15.353379+00:00 [running]> on host 05ccfe6a955d
[2023-01-23T15:45:18.815+0000] {taskinstance.py:1513} INFO - Exporting the following env vars:
AIRFLOW_CTX_DAG_OWNER=***
AIRFLOW_CTX_DAG_ID=exercise15
AIRFLOW_CTX_TASK_ID=read_users
AIRFLOW_CTX_EXECUTION_DATE=2023-01-23T15:45:15.353379+00:00
AIRFLOW_CTX_TRY_NUMBER=1
AIRFLOW_CTX_DAG_RUN_ID=manual__2023-01-23T15:45:15.353379+00:00
[2023-01-23T15:45:18.825+0000] {python.py:177} INFO - Done. Returned value was: [{"id": "0001", "name": "Pierre", "city": "Paris", "school": "EPITA", "age": 36, "is_teacher": true}, {"id": "0002", "name": "Ada", "city": "London", "school": "Home", "age": 28, "is_teacher": false}, {"id": "0003", "name": "Margaret", "city": "Boston", "school": "MIT", "age": 33, "is_teacher": true}]
[2023-01-23T15:45:18.865+0000] {taskinstance.py:1327} INFO - Marking task as SUCCESS. dag_id=exercise15, task_id=read_users, execution_date=20230123T154515, start_date=20230123T154518, end_date=20230123T154518
[2023-01-23T15:45:18.908+0000] {local_task_job.py:159} INFO - Task exited with return code 0
[2023-01-23T15:45:18.948+0000] {taskinstance.py:2582} INFO - 1 downstream tasks scheduled from follow-on schedule check
