[2023-01-24T15:17:20.869+0000] {taskinstance.py:1087} INFO - Dependencies all met for <TaskInstance: exercise15.transform_users manual__2023-01-24T15:17:12.144179+00:00 [queued]>
[2023-01-24T15:17:20.945+0000] {taskinstance.py:1087} INFO - Dependencies all met for <TaskInstance: exercise15.transform_users manual__2023-01-24T15:17:12.144179+00:00 [queued]>
[2023-01-24T15:17:20.947+0000] {taskinstance.py:1283} INFO - 
--------------------------------------------------------------------------------
[2023-01-24T15:17:20.948+0000] {taskinstance.py:1284} INFO - Starting attempt 1 of 1
[2023-01-24T15:17:20.950+0000] {taskinstance.py:1285} INFO - 
--------------------------------------------------------------------------------
[2023-01-24T15:17:21.090+0000] {taskinstance.py:1304} INFO - Executing <Task(_PythonDecoratedOperator): transform_users> on 2023-01-24 15:17:12.144179+00:00
[2023-01-24T15:17:21.110+0000] {standard_task_runner.py:55} INFO - Started process 101 to run task
[2023-01-24T15:17:21.134+0000] {standard_task_runner.py:82} INFO - Running: ['***', 'tasks', 'run', 'exercise15', 'transform_users', 'manual__2023-01-24T15:17:12.144179+00:00', '--job-id', '27', '--raw', '--subdir', 'DAGS_FOLDER/exercise15.py', '--cfg-path', '/tmp/tmphyua952k']
[2023-01-24T15:17:21.136+0000] {standard_task_runner.py:83} INFO - Job 27: Subtask transform_users
[2023-01-24T15:17:21.658+0000] {task_command.py:389} INFO - Running <TaskInstance: exercise15.transform_users manual__2023-01-24T15:17:12.144179+00:00 [running]> on host 3eb38391a0f6
[2023-01-24T15:17:22.568+0000] {taskinstance.py:1513} INFO - Exporting the following env vars:
AIRFLOW_CTX_DAG_OWNER=***
AIRFLOW_CTX_DAG_ID=exercise15
AIRFLOW_CTX_TASK_ID=transform_users
AIRFLOW_CTX_EXECUTION_DATE=2023-01-24T15:17:12.144179+00:00
AIRFLOW_CTX_TRY_NUMBER=1
AIRFLOW_CTX_DAG_RUN_ID=manual__2023-01-24T15:17:12.144179+00:00
[2023-01-24T15:17:22.584+0000] {logging_mixin.py:137} INFO - User(id='0001', name='Pierre', city='Paris', school='EPITA', age=36, is_teacher=True)
[2023-01-24T15:17:22.590+0000] {logging_mixin.py:137} INFO - User(id='0002', name='Ada', city='London', school='Home', age=28, is_teacher=False)
[2023-01-24T15:17:22.591+0000] {logging_mixin.py:137} INFO - User(id='0003', name='Margaret', city='Boston', school='MIT', age=33, is_teacher=True)
[2023-01-24T15:17:22.591+0000] {python.py:177} INFO - Done. Returned value was: None
[2023-01-24T15:17:22.672+0000] {taskinstance.py:1327} INFO - Marking task as SUCCESS. dag_id=exercise15, task_id=transform_users, execution_date=20230124T151712, start_date=20230124T151720, end_date=20230124T151722
[2023-01-24T15:17:22.805+0000] {local_task_job.py:159} INFO - Task exited with return code 0
[2023-01-24T15:17:22.910+0000] {taskinstance.py:2582} INFO - 0 downstream tasks scheduled from follow-on schedule check
