[2023-01-24T17:26:21.190+0000] {taskinstance.py:1165} INFO - Dependencies all met for <TaskInstance: exercise15.read_users manual__2023-01-24T17:26:19.852947+00:00 [queued]>
[2023-01-24T17:26:21.219+0000] {taskinstance.py:1165} INFO - Dependencies all met for <TaskInstance: exercise15.read_users manual__2023-01-24T17:26:19.852947+00:00 [queued]>
[2023-01-24T17:26:21.220+0000] {taskinstance.py:1362} INFO - 
--------------------------------------------------------------------------------
[2023-01-24T17:26:21.221+0000] {taskinstance.py:1363} INFO - Starting attempt 1 of 1
[2023-01-24T17:26:21.221+0000] {taskinstance.py:1364} INFO - 
--------------------------------------------------------------------------------
[2023-01-24T17:26:21.264+0000] {taskinstance.py:1383} INFO - Executing <Task(_PythonDecoratedOperator): read_users> on 2023-01-24 17:26:19.852947+00:00
[2023-01-24T17:26:21.286+0000] {standard_task_runner.py:54} INFO - Started process 2039 to run task
[2023-01-24T17:26:21.299+0000] {standard_task_runner.py:82} INFO - Running: ['***', 'tasks', 'run', 'exercise15', 'read_users', 'manual__2023-01-24T17:26:19.852947+00:00', '--job-id', '9', '--raw', '--subdir', 'DAGS_FOLDER/exercise15.py', '--cfg-path', '/tmp/tmpc3aq1asd']
[2023-01-24T17:26:21.301+0000] {standard_task_runner.py:83} INFO - Job 9: Subtask read_users
[2023-01-24T17:26:21.304+0000] {dagbag.py:525} INFO - Filling up the DagBag from /opt/***/dags/exercise15.py
[2023-01-24T17:26:21.339+0000] {taskmixin.py:205} WARNING - Dependency <Task(_PythonDecoratedOperator): read_users>, transform_users already registered for DAG: exercise15
[2023-01-24T17:26:21.339+0000] {taskmixin.py:205} WARNING - Dependency <Task(_PythonDecoratedOperator): transform_users>, read_users already registered for DAG: exercise15
[2023-01-24T17:26:21.340+0000] {taskmixin.py:205} WARNING - Dependency <Task(_PythonDecoratedOperator): read_users>, transform_users already registered for DAG: exercise15
[2023-01-24T17:26:21.340+0000] {taskmixin.py:205} WARNING - Dependency <Task(_PythonDecoratedOperator): transform_users>, read_users already registered for DAG: exercise15
[2023-01-24T17:26:21.341+0000] {taskmixin.py:205} WARNING - Dependency <Task(_PythonDecoratedOperator): read_users>, transform_users already registered for DAG: exercise15
[2023-01-24T17:26:21.342+0000] {taskmixin.py:205} WARNING - Dependency <Task(_PythonDecoratedOperator): transform_users>, read_users already registered for DAG: exercise15
[2023-01-24T17:26:21.343+0000] {taskmixin.py:205} WARNING - Dependency <Task(_PythonDecoratedOperator): read_users>, transform_users already registered for DAG: exercise15
[2023-01-24T17:26:21.344+0000] {taskmixin.py:205} WARNING - Dependency <Task(_PythonDecoratedOperator): transform_users>, read_users already registered for DAG: exercise15
[2023-01-24T17:26:21.345+0000] {taskmixin.py:205} WARNING - Dependency <Task(_PythonDecoratedOperator): read_users>, transform_users already registered for DAG: exercise15
[2023-01-24T17:26:21.345+0000] {taskmixin.py:205} WARNING - Dependency <Task(_PythonDecoratedOperator): transform_users>, read_users already registered for DAG: exercise15
[2023-01-24T17:26:21.346+0000] {taskmixin.py:205} WARNING - Dependency <Task(_PythonDecoratedOperator): read_users>, transform_users already registered for DAG: exercise15
[2023-01-24T17:26:21.346+0000] {taskmixin.py:205} WARNING - Dependency <Task(_PythonDecoratedOperator): transform_users>, read_users already registered for DAG: exercise15
[2023-01-24T17:26:21.491+0000] {task_command.py:384} INFO - Running <TaskInstance: exercise15.read_users manual__2023-01-24T17:26:19.852947+00:00 [running]> on host 6a557bc254c7
[2023-01-24T17:26:21.597+0000] {taskinstance.py:1592} INFO - Exporting the following env vars:
AIRFLOW_CTX_DAG_OWNER=***
AIRFLOW_CTX_DAG_ID=exercise15
AIRFLOW_CTX_TASK_ID=read_users
AIRFLOW_CTX_EXECUTION_DATE=2023-01-24T17:26:19.852947+00:00
AIRFLOW_CTX_TRY_NUMBER=1
AIRFLOW_CTX_DAG_RUN_ID=manual__2023-01-24T17:26:19.852947+00:00
[2023-01-24T17:26:21.601+0000] {python.py:177} INFO - Done. Returned value was: [{"id": "0001", "name": "Pierre", "city": "Paris", "school": "EPITA", "age": 36, "is_teacher": true}, {"id": "0002", "name": "Ada", "city": "London", "school": "Home", "age": 28, "is_teacher": false}, {"id": "0003", "name": "Margaret", "city": "Boston", "school": "MIT", "age": 33, "is_teacher": true}]
[2023-01-24T17:26:21.638+0000] {taskinstance.py:1406} INFO - Marking task as SUCCESS. dag_id=exercise15, task_id=read_users, execution_date=20230124T172619, start_date=20230124T172621, end_date=20230124T172621
[2023-01-24T17:26:21.674+0000] {local_task_job.py:164} INFO - Task exited with return code 0
[2023-01-24T17:26:21.710+0000] {local_task_job.py:273} INFO - 1 downstream tasks scheduled from follow-on schedule check
