[2023-01-24T15:20:00.648+0000] {taskinstance.py:1087} INFO - Dependencies all met for <TaskInstance: exercise15.transform_users manual__2023-01-24T15:19:53.342391+00:00 [queued]>
[2023-01-24T15:20:00.712+0000] {taskinstance.py:1087} INFO - Dependencies all met for <TaskInstance: exercise15.transform_users manual__2023-01-24T15:19:53.342391+00:00 [queued]>
[2023-01-24T15:20:00.713+0000] {taskinstance.py:1283} INFO - 
--------------------------------------------------------------------------------
[2023-01-24T15:20:00.713+0000] {taskinstance.py:1284} INFO - Starting attempt 1 of 1
[2023-01-24T15:20:00.717+0000] {taskinstance.py:1285} INFO - 
--------------------------------------------------------------------------------
[2023-01-24T15:20:00.811+0000] {taskinstance.py:1304} INFO - Executing <Task(_PythonDecoratedOperator): transform_users> on 2023-01-24 15:19:53.342391+00:00
[2023-01-24T15:20:00.831+0000] {standard_task_runner.py:55} INFO - Started process 214 to run task
[2023-01-24T15:20:00.862+0000] {standard_task_runner.py:82} INFO - Running: ['***', 'tasks', 'run', 'exercise15', 'transform_users', 'manual__2023-01-24T15:19:53.342391+00:00', '--job-id', '30', '--raw', '--subdir', 'DAGS_FOLDER/exercise15.py', '--cfg-path', '/tmp/tmpstpag94b']
[2023-01-24T15:20:00.866+0000] {standard_task_runner.py:83} INFO - Job 30: Subtask transform_users
[2023-01-24T15:20:01.290+0000] {task_command.py:389} INFO - Running <TaskInstance: exercise15.transform_users manual__2023-01-24T15:19:53.342391+00:00 [running]> on host 3eb38391a0f6
[2023-01-24T15:20:01.863+0000] {taskinstance.py:1513} INFO - Exporting the following env vars:
AIRFLOW_CTX_DAG_OWNER=***
AIRFLOW_CTX_DAG_ID=exercise15
AIRFLOW_CTX_TASK_ID=transform_users
AIRFLOW_CTX_EXECUTION_DATE=2023-01-24T15:19:53.342391+00:00
AIRFLOW_CTX_TRY_NUMBER=1
AIRFLOW_CTX_DAG_RUN_ID=manual__2023-01-24T15:19:53.342391+00:00
[2023-01-24T15:20:01.884+0000] {logging_mixin.py:137} INFO - User(id='0001', name='Pierre', city='Paris', school='EPITA', age=36, is_teacher=True)
[2023-01-24T15:20:01.898+0000] {logging_mixin.py:137} INFO - User(id='0002', name='Ada', city='London', school='Home', age=28, is_teacher=False)
[2023-01-24T15:20:01.898+0000] {logging_mixin.py:137} INFO - User(id='0003', name='Margaret', city='Boston', school='MIT', age=33, is_teacher=True)
[2023-01-24T15:20:01.899+0000] {python.py:177} INFO - Done. Returned value was: None
[2023-01-24T15:20:01.954+0000] {taskinstance.py:1327} INFO - Marking task as SUCCESS. dag_id=exercise15, task_id=transform_users, execution_date=20230124T151953, start_date=20230124T152000, end_date=20230124T152001
[2023-01-24T15:20:02.160+0000] {local_task_job.py:159} INFO - Task exited with return code 0
[2023-01-24T15:20:02.297+0000] {taskinstance.py:2582} INFO - 0 downstream tasks scheduled from follow-on schedule check
