[2023-01-24T15:20:15.174+0000] {taskinstance.py:1087} INFO - Dependencies all met for <TaskInstance: exercise16.transform_users manual__2023-01-24T15:20:09.706526+00:00 [queued]>
[2023-01-24T15:20:15.210+0000] {taskinstance.py:1087} INFO - Dependencies all met for <TaskInstance: exercise16.transform_users manual__2023-01-24T15:20:09.706526+00:00 [queued]>
[2023-01-24T15:20:15.212+0000] {taskinstance.py:1283} INFO - 
--------------------------------------------------------------------------------
[2023-01-24T15:20:15.213+0000] {taskinstance.py:1284} INFO - Starting attempt 1 of 1
[2023-01-24T15:20:15.214+0000] {taskinstance.py:1285} INFO - 
--------------------------------------------------------------------------------
[2023-01-24T15:20:15.293+0000] {taskinstance.py:1304} INFO - Executing <Task(_PythonDecoratedOperator): transform_users> on 2023-01-24 15:20:09.706526+00:00
[2023-01-24T15:20:15.314+0000] {standard_task_runner.py:55} INFO - Started process 221 to run task
[2023-01-24T15:20:15.336+0000] {standard_task_runner.py:82} INFO - Running: ['***', 'tasks', 'run', 'exercise16', 'transform_users', 'manual__2023-01-24T15:20:09.706526+00:00', '--job-id', '32', '--raw', '--subdir', 'DAGS_FOLDER/exercise16.py', '--cfg-path', '/tmp/tmpy9g6o47i']
[2023-01-24T15:20:15.337+0000] {standard_task_runner.py:83} INFO - Job 32: Subtask transform_users
[2023-01-24T15:20:15.454+0000] {task_command.py:389} INFO - Running <TaskInstance: exercise16.transform_users manual__2023-01-24T15:20:09.706526+00:00 [running]> on host 3eb38391a0f6
[2023-01-24T15:20:15.585+0000] {taskinstance.py:1513} INFO - Exporting the following env vars:
AIRFLOW_CTX_DAG_OWNER=***
AIRFLOW_CTX_DAG_ID=exercise16
AIRFLOW_CTX_TASK_ID=transform_users
AIRFLOW_CTX_EXECUTION_DATE=2023-01-24T15:20:09.706526+00:00
AIRFLOW_CTX_TRY_NUMBER=1
AIRFLOW_CTX_DAG_RUN_ID=manual__2023-01-24T15:20:09.706526+00:00
[2023-01-24T15:20:15.588+0000] {logging_mixin.py:137} INFO - User(id='0001', name='Pierre', city='Paris', school='EPITA', age=36, is_teacher=True)
[2023-01-24T15:20:15.590+0000] {logging_mixin.py:137} INFO - User(id='0002', name='Ada', city='London', school='Home', age=28, is_teacher=False)
[2023-01-24T15:20:15.591+0000] {logging_mixin.py:137} INFO - User(id='0003', name='Margaret', city='Boston', school='MIT', age=33, is_teacher=True)
[2023-01-24T15:20:15.591+0000] {python.py:177} INFO - Done. Returned value was: None
[2023-01-24T15:20:15.612+0000] {taskinstance.py:1327} INFO - Marking task as SUCCESS. dag_id=exercise16, task_id=transform_users, execution_date=20230124T152009, start_date=20230124T152015, end_date=20230124T152015
[2023-01-24T15:20:15.682+0000] {local_task_job.py:159} INFO - Task exited with return code 0
[2023-01-24T15:20:15.719+0000] {taskinstance.py:2582} INFO - 0 downstream tasks scheduled from follow-on schedule check
