[2023-01-17T17:01:23.374+0000] {taskinstance.py:1087} INFO - Dependencies all met for <TaskInstance: tutorial_taskflow_api.load manual__2023-01-17T17:01:10.654843+00:00 [queued]>
[2023-01-17T17:01:23.389+0000] {taskinstance.py:1087} INFO - Dependencies all met for <TaskInstance: tutorial_taskflow_api.load manual__2023-01-17T17:01:10.654843+00:00 [queued]>
[2023-01-17T17:01:23.389+0000] {taskinstance.py:1283} INFO - 
--------------------------------------------------------------------------------
[2023-01-17T17:01:23.389+0000] {taskinstance.py:1284} INFO - Starting attempt 1 of 1
[2023-01-17T17:01:23.390+0000] {taskinstance.py:1285} INFO - 
--------------------------------------------------------------------------------
[2023-01-17T17:01:23.412+0000] {taskinstance.py:1304} INFO - Executing <Task(_PythonDecoratedOperator): load> on 2023-01-17 17:01:10.654843+00:00
[2023-01-17T17:01:23.418+0000] {standard_task_runner.py:55} INFO - Started process 372 to run task
[2023-01-17T17:01:23.431+0000] {standard_task_runner.py:82} INFO - Running: ['***', 'tasks', 'run', 'tutorial_taskflow_api', 'load', 'manual__2023-01-17T17:01:10.654843+00:00', '--job-id', '11', '--raw', '--subdir', '/home/***/.local/lib/python3.7/site-packages/***/example_dags/tutorial_taskflow_api.py', '--cfg-path', '/tmp/tmpeb38nyot']
[2023-01-17T17:01:23.432+0000] {standard_task_runner.py:83} INFO - Job 11: Subtask load
[2023-01-17T17:01:23.537+0000] {task_command.py:389} INFO - Running <TaskInstance: tutorial_taskflow_api.load manual__2023-01-17T17:01:10.654843+00:00 [running]> on host d2450c652fb7
[2023-01-17T17:01:23.685+0000] {taskinstance.py:1513} INFO - Exporting the following env vars:
AIRFLOW_CTX_DAG_OWNER=***
AIRFLOW_CTX_DAG_ID=tutorial_taskflow_api
AIRFLOW_CTX_TASK_ID=load
AIRFLOW_CTX_EXECUTION_DATE=2023-01-17T17:01:10.654843+00:00
AIRFLOW_CTX_TRY_NUMBER=1
AIRFLOW_CTX_DAG_RUN_ID=manual__2023-01-17T17:01:10.654843+00:00
[2023-01-17T17:01:23.689+0000] {logging_mixin.py:137} INFO - Total order value is: 1236.70
[2023-01-17T17:01:23.689+0000] {python.py:177} INFO - Done. Returned value was: None
[2023-01-17T17:01:23.712+0000] {taskinstance.py:1327} INFO - Marking task as SUCCESS. dag_id=tutorial_taskflow_api, task_id=load, execution_date=20230117T170110, start_date=20230117T170123, end_date=20230117T170123
[2023-01-17T17:01:23.846+0000] {local_task_job.py:159} INFO - Task exited with return code 0
[2023-01-17T17:01:23.910+0000] {taskinstance.py:2582} INFO - 0 downstream tasks scheduled from follow-on schedule check
