[2023-01-17T17:01:13.742+0000] {taskinstance.py:1087} INFO - Dependencies all met for <TaskInstance: tutorial_taskflow_api.extract manual__2023-01-17T17:01:10.654843+00:00 [queued]>
[2023-01-17T17:01:13.812+0000] {taskinstance.py:1087} INFO - Dependencies all met for <TaskInstance: tutorial_taskflow_api.extract manual__2023-01-17T17:01:10.654843+00:00 [queued]>
[2023-01-17T17:01:13.813+0000] {taskinstance.py:1283} INFO - 
--------------------------------------------------------------------------------
[2023-01-17T17:01:13.822+0000] {taskinstance.py:1284} INFO - Starting attempt 1 of 1
[2023-01-17T17:01:13.825+0000] {taskinstance.py:1285} INFO - 
--------------------------------------------------------------------------------
[2023-01-17T17:01:13.927+0000] {taskinstance.py:1304} INFO - Executing <Task(_PythonDecoratedOperator): extract> on 2023-01-17 17:01:10.654843+00:00
[2023-01-17T17:01:13.945+0000] {standard_task_runner.py:55} INFO - Started process 358 to run task
[2023-01-17T17:01:13.967+0000] {standard_task_runner.py:82} INFO - Running: ['***', 'tasks', 'run', 'tutorial_taskflow_api', 'extract', 'manual__2023-01-17T17:01:10.654843+00:00', '--job-id', '9', '--raw', '--subdir', '/home/***/.local/lib/python3.7/site-packages/***/example_dags/tutorial_taskflow_api.py', '--cfg-path', '/tmp/tmpukvdjs7l']
[2023-01-17T17:01:13.971+0000] {standard_task_runner.py:83} INFO - Job 9: Subtask extract
[2023-01-17T17:01:14.389+0000] {task_command.py:389} INFO - Running <TaskInstance: tutorial_taskflow_api.extract manual__2023-01-17T17:01:10.654843+00:00 [running]> on host d2450c652fb7
[2023-01-17T17:01:14.731+0000] {taskinstance.py:1513} INFO - Exporting the following env vars:
AIRFLOW_CTX_DAG_OWNER=***
AIRFLOW_CTX_DAG_ID=tutorial_taskflow_api
AIRFLOW_CTX_TASK_ID=extract
AIRFLOW_CTX_EXECUTION_DATE=2023-01-17T17:01:10.654843+00:00
AIRFLOW_CTX_TRY_NUMBER=1
AIRFLOW_CTX_DAG_RUN_ID=manual__2023-01-17T17:01:10.654843+00:00
[2023-01-17T17:01:14.737+0000] {python.py:177} INFO - Done. Returned value was: {'1001': 301.27, '1002': 433.21, '1003': 502.22}
[2023-01-17T17:01:14.883+0000] {taskinstance.py:1327} INFO - Marking task as SUCCESS. dag_id=tutorial_taskflow_api, task_id=extract, execution_date=20230117T170110, start_date=20230117T170113, end_date=20230117T170114
[2023-01-17T17:01:15.019+0000] {local_task_job.py:159} INFO - Task exited with return code 0
[2023-01-17T17:01:15.172+0000] {taskinstance.py:2582} INFO - 1 downstream tasks scheduled from follow-on schedule check
