[2023-01-17T18:07:56.140+0000] {taskinstance.py:1087} INFO - Dependencies all met for <TaskInstance: first_dag.transform manual__2023-01-17T18:07:49.855680+00:00 [queued]>
[2023-01-17T18:07:56.167+0000] {taskinstance.py:1087} INFO - Dependencies all met for <TaskInstance: first_dag.transform manual__2023-01-17T18:07:49.855680+00:00 [queued]>
[2023-01-17T18:07:56.168+0000] {taskinstance.py:1283} INFO - 
--------------------------------------------------------------------------------
[2023-01-17T18:07:56.168+0000] {taskinstance.py:1284} INFO - Starting attempt 1 of 1
[2023-01-17T18:07:56.168+0000] {taskinstance.py:1285} INFO - 
--------------------------------------------------------------------------------
[2023-01-17T18:07:56.228+0000] {taskinstance.py:1304} INFO - Executing <Task(_PythonDecoratedOperator): transform> on 2023-01-17 18:07:49.855680+00:00
[2023-01-17T18:07:56.239+0000] {standard_task_runner.py:55} INFO - Started process 2378 to run task
[2023-01-17T18:07:56.258+0000] {standard_task_runner.py:82} INFO - Running: ['***', 'tasks', 'run', 'first_dag', 'transform', 'manual__2023-01-17T18:07:49.855680+00:00', '--job-id', '16', '--raw', '--subdir', 'DAGS_FOLDER/exercise15.py', '--cfg-path', '/tmp/tmp3kh38wzr']
[2023-01-17T18:07:56.258+0000] {standard_task_runner.py:83} INFO - Job 16: Subtask transform
[2023-01-17T18:07:56.655+0000] {task_command.py:389} INFO - Running <TaskInstance: first_dag.transform manual__2023-01-17T18:07:49.855680+00:00 [running]> on host 862053b66abd
[2023-01-17T18:07:56.950+0000] {taskinstance.py:1513} INFO - Exporting the following env vars:
AIRFLOW_CTX_DAG_OWNER=***
AIRFLOW_CTX_DAG_ID=first_dag
AIRFLOW_CTX_TASK_ID=transform
AIRFLOW_CTX_EXECUTION_DATE=2023-01-17T18:07:49.855680+00:00
AIRFLOW_CTX_TRY_NUMBER=1
AIRFLOW_CTX_DAG_RUN_ID=manual__2023-01-17T18:07:49.855680+00:00
[2023-01-17T18:07:56.954+0000] {logging_mixin.py:137} INFO - User(id='0001', name='Pierre', city='Paris', school='EPITA', age=36, is_teacher=True)
[2023-01-17T18:07:56.961+0000] {logging_mixin.py:137} INFO - User(id='0002', name='Ada', city='London', school='Home', age=28, is_teacher=False)
[2023-01-17T18:07:56.961+0000] {logging_mixin.py:137} INFO - User(id='0003', name='Margaret', city='Boston', school='MIT', age=33, is_teacher=True)
[2023-01-17T18:07:56.962+0000] {python.py:177} INFO - Done. Returned value was: None
[2023-01-17T18:07:56.981+0000] {taskinstance.py:1327} INFO - Marking task as SUCCESS. dag_id=first_dag, task_id=transform, execution_date=20230117T180749, start_date=20230117T180756, end_date=20230117T180756
[2023-01-17T18:07:57.045+0000] {local_task_job.py:159} INFO - Task exited with return code 0
[2023-01-17T18:07:57.092+0000] {taskinstance.py:2582} INFO - 0 downstream tasks scheduled from follow-on schedule check
