[2023-01-12T18:14:51.211+0000] {processor.py:153} INFO - Started process (PID=56) to work on /home/airflow/.local/lib/python3.7/site-packages/airflow/example_dags/example_python_operator.py
[2023-01-12T18:14:51.220+0000] {processor.py:743} INFO - Processing file /home/airflow/.local/lib/python3.7/site-packages/airflow/example_dags/example_python_operator.py for tasks to queue
[2023-01-12T18:14:51.222+0000] {logging_mixin.py:137} INFO - [2023-01-12T18:14:51.221+0000] {dagbag.py:538} INFO - Filling up the DagBag from /home/airflow/.local/lib/python3.7/site-packages/airflow/example_dags/example_python_operator.py
[2023-01-12T18:14:51.379+0000] {logging_mixin.py:137} INFO - [2023-01-12T18:14:51.378+0000] {taskmixin.py:205} WARNING - Dependency <Task(_PythonDecoratedOperator): print_the_context>, log_sql_query already registered for DAG: example_python_operator
[2023-01-12T18:14:51.379+0000] {logging_mixin.py:137} INFO - [2023-01-12T18:14:51.379+0000] {taskmixin.py:205} WARNING - Dependency <Task(_PythonDecoratedOperator): log_sql_query>, print_the_context already registered for DAG: example_python_operator
[2023-01-12T18:14:51.384+0000] {logging_mixin.py:137} INFO - [2023-01-12T18:14:51.383+0000] {taskmixin.py:205} WARNING - Dependency <Task(_PythonDecoratedOperator): print_the_context>, log_sql_query already registered for DAG: example_python_operator
[2023-01-12T18:14:51.387+0000] {logging_mixin.py:137} INFO - [2023-01-12T18:14:51.387+0000] {taskmixin.py:205} WARNING - Dependency <Task(_PythonDecoratedOperator): log_sql_query>, print_the_context already registered for DAG: example_python_operator
[2023-01-12T18:14:51.391+0000] {logging_mixin.py:137} INFO - [2023-01-12T18:14:51.391+0000] {taskmixin.py:205} WARNING - Dependency <Task(_PythonDecoratedOperator): print_the_context>, log_sql_query already registered for DAG: example_python_operator
[2023-01-12T18:14:51.394+0000] {logging_mixin.py:137} INFO - [2023-01-12T18:14:51.394+0000] {taskmixin.py:205} WARNING - Dependency <Task(_PythonDecoratedOperator): log_sql_query>, print_the_context already registered for DAG: example_python_operator
[2023-01-12T18:14:51.396+0000] {logging_mixin.py:137} INFO - [2023-01-12T18:14:51.395+0000] {taskmixin.py:205} WARNING - Dependency <Task(_PythonDecoratedOperator): print_the_context>, log_sql_query already registered for DAG: example_python_operator
[2023-01-12T18:14:51.403+0000] {logging_mixin.py:137} INFO - [2023-01-12T18:14:51.402+0000] {taskmixin.py:205} WARNING - Dependency <Task(_PythonDecoratedOperator): log_sql_query>, print_the_context already registered for DAG: example_python_operator
[2023-01-12T18:14:51.445+0000] {processor.py:753} INFO - DAG(s) dict_keys(['example_python_operator']) retrieved from /home/airflow/.local/lib/python3.7/site-packages/airflow/example_dags/example_python_operator.py
[2023-01-12T18:14:52.048+0000] {logging_mixin.py:137} INFO - [2023-01-12T18:14:52.048+0000] {dag.py:2676} INFO - Sync 1 DAGs
[2023-01-12T18:14:52.266+0000] {logging_mixin.py:137} INFO - [2023-01-12T18:14:52.266+0000] {dag.py:3427} INFO - Setting next_dagrun for example_python_operator to None, run_after=None
[2023-01-12T18:14:52.540+0000] {processor.py:175} INFO - Processing /home/airflow/.local/lib/python3.7/site-packages/airflow/example_dags/example_python_operator.py took 1.361 seconds
[2023-01-12T18:15:22.713+0000] {processor.py:153} INFO - Started process (PID=114) to work on /home/airflow/.local/lib/python3.7/site-packages/airflow/example_dags/example_python_operator.py
[2023-01-12T18:15:22.723+0000] {processor.py:743} INFO - Processing file /home/airflow/.local/lib/python3.7/site-packages/airflow/example_dags/example_python_operator.py for tasks to queue
[2023-01-12T18:15:22.724+0000] {logging_mixin.py:137} INFO - [2023-01-12T18:15:22.724+0000] {dagbag.py:538} INFO - Filling up the DagBag from /home/airflow/.local/lib/python3.7/site-packages/airflow/example_dags/example_python_operator.py
[2023-01-12T18:15:22.806+0000] {logging_mixin.py:137} INFO - [2023-01-12T18:15:22.806+0000] {taskmixin.py:205} WARNING - Dependency <Task(_PythonDecoratedOperator): print_the_context>, log_sql_query already registered for DAG: example_python_operator
[2023-01-12T18:15:22.806+0000] {logging_mixin.py:137} INFO - [2023-01-12T18:15:22.806+0000] {taskmixin.py:205} WARNING - Dependency <Task(_PythonDecoratedOperator): log_sql_query>, print_the_context already registered for DAG: example_python_operator
[2023-01-12T18:15:22.814+0000] {logging_mixin.py:137} INFO - [2023-01-12T18:15:22.810+0000] {taskmixin.py:205} WARNING - Dependency <Task(_PythonDecoratedOperator): print_the_context>, log_sql_query already registered for DAG: example_python_operator
[2023-01-12T18:15:22.814+0000] {logging_mixin.py:137} INFO - [2023-01-12T18:15:22.814+0000] {taskmixin.py:205} WARNING - Dependency <Task(_PythonDecoratedOperator): log_sql_query>, print_the_context already registered for DAG: example_python_operator
[2023-01-12T18:15:22.815+0000] {logging_mixin.py:137} INFO - [2023-01-12T18:15:22.815+0000] {taskmixin.py:205} WARNING - Dependency <Task(_PythonDecoratedOperator): print_the_context>, log_sql_query already registered for DAG: example_python_operator
[2023-01-12T18:15:22.816+0000] {logging_mixin.py:137} INFO - [2023-01-12T18:15:22.815+0000] {taskmixin.py:205} WARNING - Dependency <Task(_PythonDecoratedOperator): log_sql_query>, print_the_context already registered for DAG: example_python_operator
[2023-01-12T18:15:22.817+0000] {logging_mixin.py:137} INFO - [2023-01-12T18:15:22.817+0000] {taskmixin.py:205} WARNING - Dependency <Task(_PythonDecoratedOperator): print_the_context>, log_sql_query already registered for DAG: example_python_operator
[2023-01-12T18:15:22.818+0000] {logging_mixin.py:137} INFO - [2023-01-12T18:15:22.817+0000] {taskmixin.py:205} WARNING - Dependency <Task(_PythonDecoratedOperator): log_sql_query>, print_the_context already registered for DAG: example_python_operator
[2023-01-12T18:15:22.849+0000] {processor.py:753} INFO - DAG(s) dict_keys(['example_python_operator']) retrieved from /home/airflow/.local/lib/python3.7/site-packages/airflow/example_dags/example_python_operator.py
[2023-01-12T18:15:23.022+0000] {logging_mixin.py:137} INFO - [2023-01-12T18:15:23.022+0000] {dag.py:2676} INFO - Sync 1 DAGs
[2023-01-12T18:15:23.146+0000] {logging_mixin.py:137} INFO - [2023-01-12T18:15:23.146+0000] {dag.py:3427} INFO - Setting next_dagrun for example_python_operator to None, run_after=None
[2023-01-12T18:15:23.180+0000] {processor.py:175} INFO - Processing /home/airflow/.local/lib/python3.7/site-packages/airflow/example_dags/example_python_operator.py took 0.483 seconds
[2023-01-12T18:15:53.371+0000] {processor.py:153} INFO - Started process (PID=173) to work on /home/airflow/.local/lib/python3.7/site-packages/airflow/example_dags/example_python_operator.py
[2023-01-12T18:15:53.375+0000] {processor.py:743} INFO - Processing file /home/airflow/.local/lib/python3.7/site-packages/airflow/example_dags/example_python_operator.py for tasks to queue
[2023-01-12T18:15:53.377+0000] {logging_mixin.py:137} INFO - [2023-01-12T18:15:53.377+0000] {dagbag.py:538} INFO - Filling up the DagBag from /home/airflow/.local/lib/python3.7/site-packages/airflow/example_dags/example_python_operator.py
[2023-01-12T18:15:53.461+0000] {logging_mixin.py:137} INFO - [2023-01-12T18:15:53.461+0000] {taskmixin.py:205} WARNING - Dependency <Task(_PythonDecoratedOperator): print_the_context>, log_sql_query already registered for DAG: example_python_operator
[2023-01-12T18:15:53.466+0000] {logging_mixin.py:137} INFO - [2023-01-12T18:15:53.466+0000] {taskmixin.py:205} WARNING - Dependency <Task(_PythonDecoratedOperator): log_sql_query>, print_the_context already registered for DAG: example_python_operator
[2023-01-12T18:15:53.468+0000] {logging_mixin.py:137} INFO - [2023-01-12T18:15:53.467+0000] {taskmixin.py:205} WARNING - Dependency <Task(_PythonDecoratedOperator): print_the_context>, log_sql_query already registered for DAG: example_python_operator
[2023-01-12T18:15:53.471+0000] {logging_mixin.py:137} INFO - [2023-01-12T18:15:53.471+0000] {taskmixin.py:205} WARNING - Dependency <Task(_PythonDecoratedOperator): log_sql_query>, print_the_context already registered for DAG: example_python_operator
[2023-01-12T18:15:53.478+0000] {logging_mixin.py:137} INFO - [2023-01-12T18:15:53.478+0000] {taskmixin.py:205} WARNING - Dependency <Task(_PythonDecoratedOperator): print_the_context>, log_sql_query already registered for DAG: example_python_operator
[2023-01-12T18:15:53.480+0000] {logging_mixin.py:137} INFO - [2023-01-12T18:15:53.480+0000] {taskmixin.py:205} WARNING - Dependency <Task(_PythonDecoratedOperator): log_sql_query>, print_the_context already registered for DAG: example_python_operator
[2023-01-12T18:15:53.485+0000] {logging_mixin.py:137} INFO - [2023-01-12T18:15:53.485+0000] {taskmixin.py:205} WARNING - Dependency <Task(_PythonDecoratedOperator): print_the_context>, log_sql_query already registered for DAG: example_python_operator
[2023-01-12T18:15:53.488+0000] {logging_mixin.py:137} INFO - [2023-01-12T18:15:53.488+0000] {taskmixin.py:205} WARNING - Dependency <Task(_PythonDecoratedOperator): log_sql_query>, print_the_context already registered for DAG: example_python_operator
[2023-01-12T18:15:53.539+0000] {processor.py:753} INFO - DAG(s) dict_keys(['example_python_operator']) retrieved from /home/airflow/.local/lib/python3.7/site-packages/airflow/example_dags/example_python_operator.py
[2023-01-12T18:15:53.776+0000] {logging_mixin.py:137} INFO - [2023-01-12T18:15:53.776+0000] {dag.py:2676} INFO - Sync 1 DAGs
[2023-01-12T18:15:53.975+0000] {logging_mixin.py:137} INFO - [2023-01-12T18:15:53.975+0000] {dag.py:3427} INFO - Setting next_dagrun for example_python_operator to None, run_after=None
[2023-01-12T18:15:54.116+0000] {processor.py:175} INFO - Processing /home/airflow/.local/lib/python3.7/site-packages/airflow/example_dags/example_python_operator.py took 0.760 seconds
