[2023-01-12T18:14:52.748+0000] {processor.py:153} INFO - Started process (PID=65) to work on /home/airflow/.local/lib/python3.7/site-packages/airflow/example_dags/example_dag_decorator.py
[2023-01-12T18:14:52.763+0000] {processor.py:743} INFO - Processing file /home/airflow/.local/lib/python3.7/site-packages/airflow/example_dags/example_dag_decorator.py for tasks to queue
[2023-01-12T18:14:52.777+0000] {logging_mixin.py:137} INFO - [2023-01-12T18:14:52.771+0000] {dagbag.py:538} INFO - Filling up the DagBag from /home/airflow/.local/lib/python3.7/site-packages/airflow/example_dags/example_dag_decorator.py
[2023-01-12T18:14:53.047+0000] {logging_mixin.py:137} INFO - [2023-01-12T18:14:53.047+0000] {taskmixin.py:205} WARNING - Dependency <Task(_PythonDecoratedOperator): prepare_email>, send_email already registered for DAG: example_dag_decorator
[2023-01-12T18:14:53.065+0000] {logging_mixin.py:137} INFO - [2023-01-12T18:14:53.065+0000] {taskmixin.py:205} WARNING - Dependency <Task(EmailOperator): send_email>, prepare_email already registered for DAG: example_dag_decorator
[2023-01-12T18:14:53.336+0000] {processor.py:753} INFO - DAG(s) dict_keys(['example_dag_decorator']) retrieved from /home/airflow/.local/lib/python3.7/site-packages/airflow/example_dags/example_dag_decorator.py
[2023-01-12T18:14:54.512+0000] {logging_mixin.py:137} INFO - [2023-01-12T18:14:54.511+0000] {dag.py:2676} INFO - Sync 1 DAGs
[2023-01-12T18:14:54.799+0000] {logging_mixin.py:137} INFO - [2023-01-12T18:14:54.799+0000] {dag.py:3427} INFO - Setting next_dagrun for example_dag_decorator to None, run_after=None
[2023-01-12T18:14:55.031+0000] {processor.py:175} INFO - Processing /home/airflow/.local/lib/python3.7/site-packages/airflow/example_dags/example_dag_decorator.py took 2.325 seconds
[2023-01-12T18:15:25.242+0000] {processor.py:153} INFO - Started process (PID=116) to work on /home/airflow/.local/lib/python3.7/site-packages/airflow/example_dags/example_dag_decorator.py
[2023-01-12T18:15:25.245+0000] {processor.py:743} INFO - Processing file /home/airflow/.local/lib/python3.7/site-packages/airflow/example_dags/example_dag_decorator.py for tasks to queue
[2023-01-12T18:15:25.248+0000] {logging_mixin.py:137} INFO - [2023-01-12T18:15:25.248+0000] {dagbag.py:538} INFO - Filling up the DagBag from /home/airflow/.local/lib/python3.7/site-packages/airflow/example_dags/example_dag_decorator.py
[2023-01-12T18:15:25.284+0000] {logging_mixin.py:137} INFO - [2023-01-12T18:15:25.283+0000] {taskmixin.py:205} WARNING - Dependency <Task(_PythonDecoratedOperator): prepare_email>, send_email already registered for DAG: example_dag_decorator
[2023-01-12T18:15:25.284+0000] {logging_mixin.py:137} INFO - [2023-01-12T18:15:25.284+0000] {taskmixin.py:205} WARNING - Dependency <Task(EmailOperator): send_email>, prepare_email already registered for DAG: example_dag_decorator
[2023-01-12T18:15:25.312+0000] {processor.py:753} INFO - DAG(s) dict_keys(['example_dag_decorator']) retrieved from /home/airflow/.local/lib/python3.7/site-packages/airflow/example_dags/example_dag_decorator.py
[2023-01-12T18:15:25.449+0000] {logging_mixin.py:137} INFO - [2023-01-12T18:15:25.448+0000] {dag.py:2676} INFO - Sync 1 DAGs
[2023-01-12T18:15:25.495+0000] {logging_mixin.py:137} INFO - [2023-01-12T18:15:25.495+0000] {dag.py:3427} INFO - Setting next_dagrun for example_dag_decorator to None, run_after=None
[2023-01-12T18:15:25.638+0000] {processor.py:175} INFO - Processing /home/airflow/.local/lib/python3.7/site-packages/airflow/example_dags/example_dag_decorator.py took 0.401 seconds
[2023-01-12T18:15:55.960+0000] {processor.py:153} INFO - Started process (PID=182) to work on /home/airflow/.local/lib/python3.7/site-packages/airflow/example_dags/example_dag_decorator.py
[2023-01-12T18:15:55.966+0000] {processor.py:743} INFO - Processing file /home/airflow/.local/lib/python3.7/site-packages/airflow/example_dags/example_dag_decorator.py for tasks to queue
[2023-01-12T18:15:55.973+0000] {logging_mixin.py:137} INFO - [2023-01-12T18:15:55.972+0000] {dagbag.py:538} INFO - Filling up the DagBag from /home/airflow/.local/lib/python3.7/site-packages/airflow/example_dags/example_dag_decorator.py
[2023-01-12T18:15:56.075+0000] {logging_mixin.py:137} INFO - [2023-01-12T18:15:56.075+0000] {taskmixin.py:205} WARNING - Dependency <Task(_PythonDecoratedOperator): prepare_email>, send_email already registered for DAG: example_dag_decorator
[2023-01-12T18:15:56.088+0000] {logging_mixin.py:137} INFO - [2023-01-12T18:15:56.088+0000] {taskmixin.py:205} WARNING - Dependency <Task(EmailOperator): send_email>, prepare_email already registered for DAG: example_dag_decorator
[2023-01-12T18:15:56.157+0000] {processor.py:753} INFO - DAG(s) dict_keys(['example_dag_decorator']) retrieved from /home/airflow/.local/lib/python3.7/site-packages/airflow/example_dags/example_dag_decorator.py
[2023-01-12T18:15:56.743+0000] {logging_mixin.py:137} INFO - [2023-01-12T18:15:56.742+0000] {dag.py:2676} INFO - Sync 1 DAGs
[2023-01-12T18:15:56.843+0000] {logging_mixin.py:137} INFO - [2023-01-12T18:15:56.842+0000] {dag.py:3427} INFO - Setting next_dagrun for example_dag_decorator to None, run_after=None
[2023-01-12T18:15:56.931+0000] {processor.py:175} INFO - Processing /home/airflow/.local/lib/python3.7/site-packages/airflow/example_dags/example_dag_decorator.py took 0.986 seconds
