[2023-01-12T18:14:55.317+0000] {processor.py:153} INFO - Started process (PID=67) to work on /home/airflow/.local/lib/python3.7/site-packages/airflow/example_dags/example_kubernetes_executor.py
[2023-01-12T18:14:55.332+0000] {processor.py:743} INFO - Processing file /home/airflow/.local/lib/python3.7/site-packages/airflow/example_dags/example_kubernetes_executor.py for tasks to queue
[2023-01-12T18:14:55.333+0000] {logging_mixin.py:137} INFO - [2023-01-12T18:14:55.333+0000] {dagbag.py:538} INFO - Filling up the DagBag from /home/airflow/.local/lib/python3.7/site-packages/airflow/example_dags/example_kubernetes_executor.py
[2023-01-12T18:14:55.843+0000] {processor.py:753} INFO - DAG(s) dict_keys(['example_kubernetes_executor']) retrieved from /home/airflow/.local/lib/python3.7/site-packages/airflow/example_dags/example_kubernetes_executor.py
[2023-01-12T18:14:56.304+0000] {logging_mixin.py:137} INFO - [2023-01-12T18:14:56.304+0000] {dag.py:2676} INFO - Sync 1 DAGs
[2023-01-12T18:14:56.553+0000] {logging_mixin.py:137} INFO - [2023-01-12T18:14:56.553+0000] {dag.py:3427} INFO - Setting next_dagrun for example_kubernetes_executor to None, run_after=None
[2023-01-12T18:14:56.644+0000] {processor.py:175} INFO - Processing /home/airflow/.local/lib/python3.7/site-packages/airflow/example_dags/example_kubernetes_executor.py took 1.363 seconds
[2023-01-12T18:15:27.034+0000] {processor.py:153} INFO - Started process (PID=128) to work on /home/airflow/.local/lib/python3.7/site-packages/airflow/example_dags/example_kubernetes_executor.py
[2023-01-12T18:15:27.046+0000] {processor.py:743} INFO - Processing file /home/airflow/.local/lib/python3.7/site-packages/airflow/example_dags/example_kubernetes_executor.py for tasks to queue
[2023-01-12T18:15:27.055+0000] {logging_mixin.py:137} INFO - [2023-01-12T18:15:27.055+0000] {dagbag.py:538} INFO - Filling up the DagBag from /home/airflow/.local/lib/python3.7/site-packages/airflow/example_dags/example_kubernetes_executor.py
[2023-01-12T18:15:27.546+0000] {processor.py:753} INFO - DAG(s) dict_keys(['example_kubernetes_executor']) retrieved from /home/airflow/.local/lib/python3.7/site-packages/airflow/example_dags/example_kubernetes_executor.py
[2023-01-12T18:15:27.799+0000] {logging_mixin.py:137} INFO - [2023-01-12T18:15:27.799+0000] {dag.py:2676} INFO - Sync 1 DAGs
[2023-01-12T18:15:27.892+0000] {logging_mixin.py:137} INFO - [2023-01-12T18:15:27.892+0000] {dag.py:3427} INFO - Setting next_dagrun for example_kubernetes_executor to None, run_after=None
[2023-01-12T18:15:27.970+0000] {processor.py:175} INFO - Processing /home/airflow/.local/lib/python3.7/site-packages/airflow/example_dags/example_kubernetes_executor.py took 0.970 seconds
[2023-01-12T18:15:58.039+0000] {processor.py:153} INFO - Started process (PID=186) to work on /home/airflow/.local/lib/python3.7/site-packages/airflow/example_dags/example_kubernetes_executor.py
[2023-01-12T18:15:58.043+0000] {processor.py:743} INFO - Processing file /home/airflow/.local/lib/python3.7/site-packages/airflow/example_dags/example_kubernetes_executor.py for tasks to queue
[2023-01-12T18:15:58.052+0000] {logging_mixin.py:137} INFO - [2023-01-12T18:15:58.051+0000] {dagbag.py:538} INFO - Filling up the DagBag from /home/airflow/.local/lib/python3.7/site-packages/airflow/example_dags/example_kubernetes_executor.py
[2023-01-12T18:15:58.189+0000] {processor.py:753} INFO - DAG(s) dict_keys(['example_kubernetes_executor']) retrieved from /home/airflow/.local/lib/python3.7/site-packages/airflow/example_dags/example_kubernetes_executor.py
[2023-01-12T18:15:58.295+0000] {logging_mixin.py:137} INFO - [2023-01-12T18:15:58.295+0000] {dag.py:2676} INFO - Sync 1 DAGs
[2023-01-12T18:15:58.387+0000] {logging_mixin.py:137} INFO - [2023-01-12T18:15:58.387+0000] {dag.py:3427} INFO - Setting next_dagrun for example_kubernetes_executor to None, run_after=None
[2023-01-12T18:15:58.466+0000] {processor.py:175} INFO - Processing /home/airflow/.local/lib/python3.7/site-packages/airflow/example_dags/example_kubernetes_executor.py took 0.439 seconds
