[2023-01-12T18:14:55.506+0000] {processor.py:153} INFO - Started process (PID=68) to work on /home/airflow/.local/lib/python3.7/site-packages/airflow/example_dags/example_branch_labels.py
[2023-01-12T18:14:55.525+0000] {processor.py:743} INFO - Processing file /home/airflow/.local/lib/python3.7/site-packages/airflow/example_dags/example_branch_labels.py for tasks to queue
[2023-01-12T18:14:55.537+0000] {logging_mixin.py:137} INFO - [2023-01-12T18:14:55.535+0000] {dagbag.py:538} INFO - Filling up the DagBag from /home/airflow/.local/lib/python3.7/site-packages/airflow/example_dags/example_branch_labels.py
[2023-01-12T18:14:55.777+0000] {processor.py:753} INFO - DAG(s) dict_keys(['example_branch_labels']) retrieved from /home/airflow/.local/lib/python3.7/site-packages/airflow/example_dags/example_branch_labels.py
[2023-01-12T18:14:56.217+0000] {logging_mixin.py:137} INFO - [2023-01-12T18:14:56.217+0000] {dag.py:2676} INFO - Sync 1 DAGs
[2023-01-12T18:14:56.504+0000] {logging_mixin.py:137} INFO - [2023-01-12T18:14:56.503+0000] {dag.py:3427} INFO - Setting next_dagrun for example_branch_labels to 2023-01-11T00:00:00+00:00, run_after=2023-01-12T00:00:00+00:00
[2023-01-12T18:14:56.641+0000] {processor.py:175} INFO - Processing /home/airflow/.local/lib/python3.7/site-packages/airflow/example_dags/example_branch_labels.py took 1.167 seconds
[2023-01-12T18:15:27.109+0000] {processor.py:153} INFO - Started process (PID=129) to work on /home/airflow/.local/lib/python3.7/site-packages/airflow/example_dags/example_branch_labels.py
[2023-01-12T18:15:27.128+0000] {processor.py:743} INFO - Processing file /home/airflow/.local/lib/python3.7/site-packages/airflow/example_dags/example_branch_labels.py for tasks to queue
[2023-01-12T18:15:27.143+0000] {logging_mixin.py:137} INFO - [2023-01-12T18:15:27.143+0000] {dagbag.py:538} INFO - Filling up the DagBag from /home/airflow/.local/lib/python3.7/site-packages/airflow/example_dags/example_branch_labels.py
[2023-01-12T18:15:27.428+0000] {processor.py:753} INFO - DAG(s) dict_keys(['example_branch_labels']) retrieved from /home/airflow/.local/lib/python3.7/site-packages/airflow/example_dags/example_branch_labels.py
[2023-01-12T18:15:27.754+0000] {logging_mixin.py:137} INFO - [2023-01-12T18:15:27.753+0000] {dag.py:2676} INFO - Sync 1 DAGs
[2023-01-12T18:15:27.859+0000] {logging_mixin.py:137} INFO - [2023-01-12T18:15:27.858+0000] {dag.py:3427} INFO - Setting next_dagrun for example_branch_labels to 2023-01-11T00:00:00+00:00, run_after=2023-01-12T00:00:00+00:00
[2023-01-12T18:15:27.923+0000] {processor.py:175} INFO - Processing /home/airflow/.local/lib/python3.7/site-packages/airflow/example_dags/example_branch_labels.py took 0.863 seconds
[2023-01-12T18:15:58.053+0000] {processor.py:153} INFO - Started process (PID=187) to work on /home/airflow/.local/lib/python3.7/site-packages/airflow/example_dags/example_branch_labels.py
[2023-01-12T18:15:58.055+0000] {processor.py:743} INFO - Processing file /home/airflow/.local/lib/python3.7/site-packages/airflow/example_dags/example_branch_labels.py for tasks to queue
[2023-01-12T18:15:58.056+0000] {logging_mixin.py:137} INFO - [2023-01-12T18:15:58.056+0000] {dagbag.py:538} INFO - Filling up the DagBag from /home/airflow/.local/lib/python3.7/site-packages/airflow/example_dags/example_branch_labels.py
[2023-01-12T18:15:58.093+0000] {processor.py:753} INFO - DAG(s) dict_keys(['example_branch_labels']) retrieved from /home/airflow/.local/lib/python3.7/site-packages/airflow/example_dags/example_branch_labels.py
[2023-01-12T18:15:58.175+0000] {logging_mixin.py:137} INFO - [2023-01-12T18:15:58.174+0000] {dag.py:2676} INFO - Sync 1 DAGs
[2023-01-12T18:15:58.225+0000] {logging_mixin.py:137} INFO - [2023-01-12T18:15:58.225+0000] {dag.py:3427} INFO - Setting next_dagrun for example_branch_labels to 2023-01-11T00:00:00+00:00, run_after=2023-01-12T00:00:00+00:00
[2023-01-12T18:15:58.280+0000] {processor.py:175} INFO - Processing /home/airflow/.local/lib/python3.7/site-packages/airflow/example_dags/example_branch_labels.py took 0.236 seconds
