[2023-01-12T18:14:48.033+0000] {processor.py:153} INFO - Started process (PID=52) to work on /home/airflow/.local/lib/python3.7/site-packages/airflow/example_dags/example_xcomargs.py
[2023-01-12T18:14:48.045+0000] {processor.py:743} INFO - Processing file /home/airflow/.local/lib/python3.7/site-packages/airflow/example_dags/example_xcomargs.py for tasks to queue
[2023-01-12T18:14:48.057+0000] {logging_mixin.py:137} INFO - [2023-01-12T18:14:48.057+0000] {dagbag.py:538} INFO - Filling up the DagBag from /home/airflow/.local/lib/python3.7/site-packages/airflow/example_dags/example_xcomargs.py
[2023-01-12T18:14:48.827+0000] {processor.py:753} INFO - DAG(s) dict_keys(['example_xcom_args', 'example_xcom_args_with_operators']) retrieved from /home/airflow/.local/lib/python3.7/site-packages/airflow/example_dags/example_xcomargs.py
[2023-01-12T18:14:49.101+0000] {logging_mixin.py:137} INFO - [2023-01-12T18:14:49.101+0000] {dag.py:2676} INFO - Sync 2 DAGs
[2023-01-12T18:14:49.368+0000] {logging_mixin.py:137} INFO - [2023-01-12T18:14:49.368+0000] {dag.py:3427} INFO - Setting next_dagrun for example_xcom_args to None, run_after=None
[2023-01-12T18:14:49.422+0000] {logging_mixin.py:137} INFO - [2023-01-12T18:14:49.422+0000] {dag.py:3427} INFO - Setting next_dagrun for example_xcom_args_with_operators to None, run_after=None
[2023-01-12T18:14:49.627+0000] {processor.py:175} INFO - Processing /home/airflow/.local/lib/python3.7/site-packages/airflow/example_dags/example_xcomargs.py took 1.625 seconds
[2023-01-12T18:15:19.923+0000] {processor.py:153} INFO - Started process (PID=110) to work on /home/airflow/.local/lib/python3.7/site-packages/airflow/example_dags/example_xcomargs.py
[2023-01-12T18:15:19.943+0000] {processor.py:743} INFO - Processing file /home/airflow/.local/lib/python3.7/site-packages/airflow/example_dags/example_xcomargs.py for tasks to queue
[2023-01-12T18:15:19.950+0000] {logging_mixin.py:137} INFO - [2023-01-12T18:15:19.950+0000] {dagbag.py:538} INFO - Filling up the DagBag from /home/airflow/.local/lib/python3.7/site-packages/airflow/example_dags/example_xcomargs.py
[2023-01-12T18:15:20.160+0000] {processor.py:753} INFO - DAG(s) dict_keys(['example_xcom_args_with_operators', 'example_xcom_args']) retrieved from /home/airflow/.local/lib/python3.7/site-packages/airflow/example_dags/example_xcomargs.py
[2023-01-12T18:15:20.418+0000] {logging_mixin.py:137} INFO - [2023-01-12T18:15:20.418+0000] {dag.py:2676} INFO - Sync 2 DAGs
[2023-01-12T18:15:20.503+0000] {logging_mixin.py:137} INFO - [2023-01-12T18:15:20.503+0000] {dag.py:3427} INFO - Setting next_dagrun for example_xcom_args to None, run_after=None
[2023-01-12T18:15:20.524+0000] {logging_mixin.py:137} INFO - [2023-01-12T18:15:20.523+0000] {dag.py:3427} INFO - Setting next_dagrun for example_xcom_args_with_operators to None, run_after=None
[2023-01-12T18:15:20.573+0000] {processor.py:175} INFO - Processing /home/airflow/.local/lib/python3.7/site-packages/airflow/example_dags/example_xcomargs.py took 0.681 seconds
[2023-01-12T18:15:51.012+0000] {processor.py:153} INFO - Started process (PID=169) to work on /home/airflow/.local/lib/python3.7/site-packages/airflow/example_dags/example_xcomargs.py
[2023-01-12T18:15:51.015+0000] {processor.py:743} INFO - Processing file /home/airflow/.local/lib/python3.7/site-packages/airflow/example_dags/example_xcomargs.py for tasks to queue
[2023-01-12T18:15:51.018+0000] {logging_mixin.py:137} INFO - [2023-01-12T18:15:51.018+0000] {dagbag.py:538} INFO - Filling up the DagBag from /home/airflow/.local/lib/python3.7/site-packages/airflow/example_dags/example_xcomargs.py
[2023-01-12T18:15:51.077+0000] {processor.py:753} INFO - DAG(s) dict_keys(['example_xcom_args_with_operators', 'example_xcom_args']) retrieved from /home/airflow/.local/lib/python3.7/site-packages/airflow/example_dags/example_xcomargs.py
[2023-01-12T18:15:51.157+0000] {logging_mixin.py:137} INFO - [2023-01-12T18:15:51.157+0000] {dag.py:2676} INFO - Sync 2 DAGs
[2023-01-12T18:15:51.209+0000] {logging_mixin.py:137} INFO - [2023-01-12T18:15:51.209+0000] {dag.py:3427} INFO - Setting next_dagrun for example_xcom_args to None, run_after=None
[2023-01-12T18:15:51.217+0000] {logging_mixin.py:137} INFO - [2023-01-12T18:15:51.217+0000] {dag.py:3427} INFO - Setting next_dagrun for example_xcom_args_with_operators to None, run_after=None
[2023-01-12T18:15:51.256+0000] {processor.py:175} INFO - Processing /home/airflow/.local/lib/python3.7/site-packages/airflow/example_dags/example_xcomargs.py took 0.253 seconds
