[2023-01-12T18:15:02.996+0000] {processor.py:153} INFO - Started process (PID=91) to work on /home/airflow/.local/lib/python3.7/site-packages/airflow/example_dags/example_subdag_operator.py
[2023-01-12T18:15:02.998+0000] {processor.py:743} INFO - Processing file /home/airflow/.local/lib/python3.7/site-packages/airflow/example_dags/example_subdag_operator.py for tasks to queue
[2023-01-12T18:15:02.999+0000] {logging_mixin.py:137} INFO - [2023-01-12T18:15:02.999+0000] {dagbag.py:538} INFO - Filling up the DagBag from /home/airflow/.local/lib/python3.7/site-packages/airflow/example_dags/example_subdag_operator.py
[2023-01-12T18:15:03.151+0000] {processor.py:753} INFO - DAG(s) dict_keys(['example_subdag_operator.section-1', 'example_subdag_operator.section-2', 'example_subdag_operator']) retrieved from /home/airflow/.local/lib/python3.7/site-packages/airflow/example_dags/example_subdag_operator.py
[2023-01-12T18:15:03.288+0000] {logging_mixin.py:137} INFO - [2023-01-12T18:15:03.287+0000] {dag.py:2676} INFO - Sync 3 DAGs
[2023-01-12T18:15:03.430+0000] {logging_mixin.py:137} INFO - [2023-01-12T18:15:03.429+0000] {dag.py:3427} INFO - Setting next_dagrun for example_subdag_operator to 2022-01-01T00:00:00+00:00, run_after=2022-01-01T00:00:00+00:00
[2023-01-12T18:15:03.443+0000] {logging_mixin.py:137} INFO - [2023-01-12T18:15:03.442+0000] {dag.py:3427} INFO - Setting next_dagrun for example_subdag_operator.section-1 to None, run_after=None
[2023-01-12T18:15:03.450+0000] {logging_mixin.py:137} INFO - [2023-01-12T18:15:03.450+0000] {dag.py:3427} INFO - Setting next_dagrun for example_subdag_operator.section-2 to None, run_after=None
[2023-01-12T18:15:03.478+0000] {logging_mixin.py:137} INFO - [2023-01-12T18:15:03.478+0000] {dag.py:2676} INFO - Sync 2 DAGs
[2023-01-12T18:15:03.514+0000] {logging_mixin.py:137} INFO - [2023-01-12T18:15:03.514+0000] {dag.py:3427} INFO - Setting next_dagrun for example_subdag_operator.section-1 to None, run_after=None
[2023-01-12T18:15:03.515+0000] {logging_mixin.py:137} INFO - [2023-01-12T18:15:03.515+0000] {dag.py:3427} INFO - Setting next_dagrun for example_subdag_operator.section-2 to None, run_after=None
[2023-01-12T18:15:03.564+0000] {processor.py:175} INFO - Processing /home/airflow/.local/lib/python3.7/site-packages/airflow/example_dags/example_subdag_operator.py took 0.600 seconds
[2023-01-12T18:15:34.104+0000] {processor.py:153} INFO - Started process (PID=150) to work on /home/airflow/.local/lib/python3.7/site-packages/airflow/example_dags/example_subdag_operator.py
[2023-01-12T18:15:34.106+0000] {processor.py:743} INFO - Processing file /home/airflow/.local/lib/python3.7/site-packages/airflow/example_dags/example_subdag_operator.py for tasks to queue
[2023-01-12T18:15:34.107+0000] {logging_mixin.py:137} INFO - [2023-01-12T18:15:34.107+0000] {dagbag.py:538} INFO - Filling up the DagBag from /home/airflow/.local/lib/python3.7/site-packages/airflow/example_dags/example_subdag_operator.py
[2023-01-12T18:15:34.177+0000] {processor.py:753} INFO - DAG(s) dict_keys(['example_subdag_operator.section-1', 'example_subdag_operator.section-2', 'example_subdag_operator']) retrieved from /home/airflow/.local/lib/python3.7/site-packages/airflow/example_dags/example_subdag_operator.py
[2023-01-12T18:15:34.245+0000] {logging_mixin.py:137} INFO - [2023-01-12T18:15:34.245+0000] {dag.py:2676} INFO - Sync 3 DAGs
[2023-01-12T18:15:34.305+0000] {logging_mixin.py:137} INFO - [2023-01-12T18:15:34.305+0000] {dag.py:3427} INFO - Setting next_dagrun for example_subdag_operator to 2022-01-01T00:00:00+00:00, run_after=2022-01-01T00:00:00+00:00
[2023-01-12T18:15:34.315+0000] {logging_mixin.py:137} INFO - [2023-01-12T18:15:34.315+0000] {dag.py:3427} INFO - Setting next_dagrun for example_subdag_operator.section-1 to None, run_after=None
[2023-01-12T18:15:34.317+0000] {logging_mixin.py:137} INFO - [2023-01-12T18:15:34.317+0000] {dag.py:3427} INFO - Setting next_dagrun for example_subdag_operator.section-2 to None, run_after=None
[2023-01-12T18:15:34.333+0000] {logging_mixin.py:137} INFO - [2023-01-12T18:15:34.332+0000] {dag.py:2676} INFO - Sync 2 DAGs
[2023-01-12T18:15:34.344+0000] {logging_mixin.py:137} INFO - [2023-01-12T18:15:34.344+0000] {dag.py:3427} INFO - Setting next_dagrun for example_subdag_operator.section-1 to None, run_after=None
[2023-01-12T18:15:34.345+0000] {logging_mixin.py:137} INFO - [2023-01-12T18:15:34.345+0000] {dag.py:3427} INFO - Setting next_dagrun for example_subdag_operator.section-2 to None, run_after=None
[2023-01-12T18:15:34.373+0000] {processor.py:175} INFO - Processing /home/airflow/.local/lib/python3.7/site-packages/airflow/example_dags/example_subdag_operator.py took 0.276 seconds
