[2023-01-12T18:14:51.993+0000] {processor.py:153} INFO - Started process (PID=57) to work on /home/airflow/.local/lib/python3.7/site-packages/airflow/example_dags/example_branch_operator.py
[2023-01-12T18:14:52.007+0000] {processor.py:743} INFO - Processing file /home/airflow/.local/lib/python3.7/site-packages/airflow/example_dags/example_branch_operator.py for tasks to queue
[2023-01-12T18:14:52.008+0000] {logging_mixin.py:137} INFO - [2023-01-12T18:14:52.008+0000] {dagbag.py:538} INFO - Filling up the DagBag from /home/airflow/.local/lib/python3.7/site-packages/airflow/example_dags/example_branch_operator.py
[2023-01-12T18:14:52.200+0000] {processor.py:753} INFO - DAG(s) dict_keys(['example_branch_operator']) retrieved from /home/airflow/.local/lib/python3.7/site-packages/airflow/example_dags/example_branch_operator.py
[2023-01-12T18:14:52.724+0000] {logging_mixin.py:137} INFO - [2023-01-12T18:14:52.724+0000] {dag.py:2676} INFO - Sync 1 DAGs
[2023-01-12T18:14:53.031+0000] {logging_mixin.py:137} INFO - [2023-01-12T18:14:53.031+0000] {dag.py:3427} INFO - Setting next_dagrun for example_branch_operator to 2023-01-11T00:00:00+00:00, run_after=2023-01-12T00:00:00+00:00
[2023-01-12T18:14:53.260+0000] {processor.py:175} INFO - Processing /home/airflow/.local/lib/python3.7/site-packages/airflow/example_dags/example_branch_operator.py took 1.282 seconds
[2023-01-12T18:15:24.110+0000] {processor.py:153} INFO - Started process (PID=115) to work on /home/airflow/.local/lib/python3.7/site-packages/airflow/example_dags/example_branch_operator.py
[2023-01-12T18:15:24.119+0000] {processor.py:743} INFO - Processing file /home/airflow/.local/lib/python3.7/site-packages/airflow/example_dags/example_branch_operator.py for tasks to queue
[2023-01-12T18:15:24.123+0000] {logging_mixin.py:137} INFO - [2023-01-12T18:15:24.122+0000] {dagbag.py:538} INFO - Filling up the DagBag from /home/airflow/.local/lib/python3.7/site-packages/airflow/example_dags/example_branch_operator.py
[2023-01-12T18:15:24.149+0000] {processor.py:753} INFO - DAG(s) dict_keys(['example_branch_operator']) retrieved from /home/airflow/.local/lib/python3.7/site-packages/airflow/example_dags/example_branch_operator.py
[2023-01-12T18:15:24.297+0000] {logging_mixin.py:137} INFO - [2023-01-12T18:15:24.295+0000] {dag.py:2676} INFO - Sync 1 DAGs
[2023-01-12T18:15:24.398+0000] {logging_mixin.py:137} INFO - [2023-01-12T18:15:24.398+0000] {dag.py:3427} INFO - Setting next_dagrun for example_branch_operator to 2023-01-11T00:00:00+00:00, run_after=2023-01-12T00:00:00+00:00
[2023-01-12T18:15:24.452+0000] {processor.py:175} INFO - Processing /home/airflow/.local/lib/python3.7/site-packages/airflow/example_dags/example_branch_operator.py took 0.346 seconds
[2023-01-12T18:15:55.252+0000] {processor.py:153} INFO - Started process (PID=181) to work on /home/airflow/.local/lib/python3.7/site-packages/airflow/example_dags/example_branch_operator.py
[2023-01-12T18:15:55.255+0000] {processor.py:743} INFO - Processing file /home/airflow/.local/lib/python3.7/site-packages/airflow/example_dags/example_branch_operator.py for tasks to queue
[2023-01-12T18:15:55.267+0000] {logging_mixin.py:137} INFO - [2023-01-12T18:15:55.266+0000] {dagbag.py:538} INFO - Filling up the DagBag from /home/airflow/.local/lib/python3.7/site-packages/airflow/example_dags/example_branch_operator.py
[2023-01-12T18:15:55.384+0000] {processor.py:753} INFO - DAG(s) dict_keys(['example_branch_operator']) retrieved from /home/airflow/.local/lib/python3.7/site-packages/airflow/example_dags/example_branch_operator.py
[2023-01-12T18:15:55.601+0000] {logging_mixin.py:137} INFO - [2023-01-12T18:15:55.601+0000] {dag.py:2676} INFO - Sync 1 DAGs
[2023-01-12T18:15:55.743+0000] {logging_mixin.py:137} INFO - [2023-01-12T18:15:55.743+0000] {dag.py:3427} INFO - Setting next_dagrun for example_branch_operator to 2023-01-11T00:00:00+00:00, run_after=2023-01-12T00:00:00+00:00
[2023-01-12T18:15:55.851+0000] {processor.py:175} INFO - Processing /home/airflow/.local/lib/python3.7/site-packages/airflow/example_dags/example_branch_operator.py took 0.625 seconds
