[2023-01-12T18:14:59.213+0000] {processor.py:153} INFO - Started process (PID=76) to work on /home/airflow/.local/lib/python3.7/site-packages/airflow/example_dags/example_complex.py
[2023-01-12T18:14:59.225+0000] {processor.py:743} INFO - Processing file /home/airflow/.local/lib/python3.7/site-packages/airflow/example_dags/example_complex.py for tasks to queue
[2023-01-12T18:14:59.235+0000] {logging_mixin.py:137} INFO - [2023-01-12T18:14:59.234+0000] {dagbag.py:538} INFO - Filling up the DagBag from /home/airflow/.local/lib/python3.7/site-packages/airflow/example_dags/example_complex.py
[2023-01-12T18:14:59.294+0000] {logging_mixin.py:137} INFO - [2023-01-12T18:14:59.294+0000] {taskmixin.py:205} WARNING - Dependency <Task(BashOperator): create_entry_group>, delete_entry_group already registered for DAG: example_complex
[2023-01-12T18:14:59.297+0000] {logging_mixin.py:137} INFO - [2023-01-12T18:14:59.296+0000] {taskmixin.py:205} WARNING - Dependency <Task(BashOperator): delete_entry_group>, create_entry_group already registered for DAG: example_complex
[2023-01-12T18:14:59.300+0000] {logging_mixin.py:137} INFO - [2023-01-12T18:14:59.300+0000] {taskmixin.py:205} WARNING - Dependency <Task(BashOperator): create_entry_gcs>, delete_entry already registered for DAG: example_complex
[2023-01-12T18:14:59.300+0000] {logging_mixin.py:137} INFO - [2023-01-12T18:14:59.300+0000] {taskmixin.py:205} WARNING - Dependency <Task(BashOperator): delete_entry>, create_entry_gcs already registered for DAG: example_complex
[2023-01-12T18:14:59.301+0000] {logging_mixin.py:137} INFO - [2023-01-12T18:14:59.301+0000] {taskmixin.py:205} WARNING - Dependency <Task(BashOperator): create_tag>, delete_tag already registered for DAG: example_complex
[2023-01-12T18:14:59.301+0000] {logging_mixin.py:137} INFO - [2023-01-12T18:14:59.301+0000] {taskmixin.py:205} WARNING - Dependency <Task(BashOperator): delete_tag>, create_tag already registered for DAG: example_complex
[2023-01-12T18:14:59.336+0000] {processor.py:753} INFO - DAG(s) dict_keys(['example_complex']) retrieved from /home/airflow/.local/lib/python3.7/site-packages/airflow/example_dags/example_complex.py
[2023-01-12T18:14:59.722+0000] {logging_mixin.py:137} INFO - [2023-01-12T18:14:59.720+0000] {dag.py:2676} INFO - Sync 1 DAGs
[2023-01-12T18:14:59.894+0000] {logging_mixin.py:137} INFO - [2023-01-12T18:14:59.894+0000] {dag.py:3427} INFO - Setting next_dagrun for example_complex to None, run_after=None
[2023-01-12T18:15:00.008+0000] {processor.py:175} INFO - Processing /home/airflow/.local/lib/python3.7/site-packages/airflow/example_dags/example_complex.py took 0.821 seconds
[2023-01-12T18:15:30.676+0000] {processor.py:153} INFO - Started process (PID=136) to work on /home/airflow/.local/lib/python3.7/site-packages/airflow/example_dags/example_complex.py
[2023-01-12T18:15:30.680+0000] {processor.py:743} INFO - Processing file /home/airflow/.local/lib/python3.7/site-packages/airflow/example_dags/example_complex.py for tasks to queue
[2023-01-12T18:15:30.687+0000] {logging_mixin.py:137} INFO - [2023-01-12T18:15:30.686+0000] {dagbag.py:538} INFO - Filling up the DagBag from /home/airflow/.local/lib/python3.7/site-packages/airflow/example_dags/example_complex.py
[2023-01-12T18:15:30.717+0000] {logging_mixin.py:137} INFO - [2023-01-12T18:15:30.717+0000] {taskmixin.py:205} WARNING - Dependency <Task(BashOperator): create_entry_group>, delete_entry_group already registered for DAG: example_complex
[2023-01-12T18:15:30.718+0000] {logging_mixin.py:137} INFO - [2023-01-12T18:15:30.718+0000] {taskmixin.py:205} WARNING - Dependency <Task(BashOperator): delete_entry_group>, create_entry_group already registered for DAG: example_complex
[2023-01-12T18:15:30.719+0000] {logging_mixin.py:137} INFO - [2023-01-12T18:15:30.719+0000] {taskmixin.py:205} WARNING - Dependency <Task(BashOperator): create_entry_gcs>, delete_entry already registered for DAG: example_complex
[2023-01-12T18:15:30.719+0000] {logging_mixin.py:137} INFO - [2023-01-12T18:15:30.719+0000] {taskmixin.py:205} WARNING - Dependency <Task(BashOperator): delete_entry>, create_entry_gcs already registered for DAG: example_complex
[2023-01-12T18:15:30.720+0000] {logging_mixin.py:137} INFO - [2023-01-12T18:15:30.720+0000] {taskmixin.py:205} WARNING - Dependency <Task(BashOperator): create_tag>, delete_tag already registered for DAG: example_complex
[2023-01-12T18:15:30.724+0000] {logging_mixin.py:137} INFO - [2023-01-12T18:15:30.724+0000] {taskmixin.py:205} WARNING - Dependency <Task(BashOperator): delete_tag>, create_tag already registered for DAG: example_complex
[2023-01-12T18:15:30.744+0000] {processor.py:753} INFO - DAG(s) dict_keys(['example_complex']) retrieved from /home/airflow/.local/lib/python3.7/site-packages/airflow/example_dags/example_complex.py
[2023-01-12T18:15:30.829+0000] {logging_mixin.py:137} INFO - [2023-01-12T18:15:30.829+0000] {dag.py:2676} INFO - Sync 1 DAGs
[2023-01-12T18:15:30.931+0000] {logging_mixin.py:137} INFO - [2023-01-12T18:15:30.930+0000] {dag.py:3427} INFO - Setting next_dagrun for example_complex to None, run_after=None
[2023-01-12T18:15:31.005+0000] {processor.py:175} INFO - Processing /home/airflow/.local/lib/python3.7/site-packages/airflow/example_dags/example_complex.py took 0.334 seconds
