[2023-01-12T18:14:48.119+0000] {processor.py:153} INFO - Started process (PID=53) to work on /home/airflow/.local/lib/python3.7/site-packages/airflow/example_dags/tutorial.py
[2023-01-12T18:14:48.155+0000] {processor.py:743} INFO - Processing file /home/airflow/.local/lib/python3.7/site-packages/airflow/example_dags/tutorial.py for tasks to queue
[2023-01-12T18:14:48.185+0000] {logging_mixin.py:137} INFO - [2023-01-12T18:14:48.185+0000] {dagbag.py:538} INFO - Filling up the DagBag from /home/airflow/.local/lib/python3.7/site-packages/airflow/example_dags/tutorial.py
[2023-01-12T18:14:48.853+0000] {processor.py:753} INFO - DAG(s) dict_keys(['tutorial']) retrieved from /home/airflow/.local/lib/python3.7/site-packages/airflow/example_dags/tutorial.py
[2023-01-12T18:14:49.142+0000] {logging_mixin.py:137} INFO - [2023-01-12T18:14:49.142+0000] {dag.py:2676} INFO - Sync 1 DAGs
[2023-01-12T18:14:49.499+0000] {logging_mixin.py:137} INFO - [2023-01-12T18:14:49.499+0000] {dag.py:3427} INFO - Setting next_dagrun for tutorial to 2023-01-11T18:14:49.498628+00:00, run_after=2023-01-12T18:14:49.498628+00:00
[2023-01-12T18:14:49.724+0000] {processor.py:175} INFO - Processing /home/airflow/.local/lib/python3.7/site-packages/airflow/example_dags/tutorial.py took 1.641 seconds
[2023-01-12T18:15:19.954+0000] {processor.py:153} INFO - Started process (PID=111) to work on /home/airflow/.local/lib/python3.7/site-packages/airflow/example_dags/tutorial.py
[2023-01-12T18:15:19.961+0000] {processor.py:743} INFO - Processing file /home/airflow/.local/lib/python3.7/site-packages/airflow/example_dags/tutorial.py for tasks to queue
[2023-01-12T18:15:19.963+0000] {logging_mixin.py:137} INFO - [2023-01-12T18:15:19.962+0000] {dagbag.py:538} INFO - Filling up the DagBag from /home/airflow/.local/lib/python3.7/site-packages/airflow/example_dags/tutorial.py
[2023-01-12T18:15:20.100+0000] {processor.py:753} INFO - DAG(s) dict_keys(['tutorial']) retrieved from /home/airflow/.local/lib/python3.7/site-packages/airflow/example_dags/tutorial.py
[2023-01-12T18:15:20.497+0000] {logging_mixin.py:137} INFO - [2023-01-12T18:15:20.497+0000] {dag.py:2676} INFO - Sync 1 DAGs
[2023-01-12T18:15:20.585+0000] {logging_mixin.py:137} INFO - [2023-01-12T18:15:20.585+0000] {dag.py:3427} INFO - Setting next_dagrun for tutorial to 2023-01-11T18:15:20.584734+00:00, run_after=2023-01-12T18:15:20.584734+00:00
[2023-01-12T18:15:20.636+0000] {processor.py:175} INFO - Processing /home/airflow/.local/lib/python3.7/site-packages/airflow/example_dags/tutorial.py took 0.728 seconds
[2023-01-12T18:15:51.035+0000] {processor.py:153} INFO - Started process (PID=170) to work on /home/airflow/.local/lib/python3.7/site-packages/airflow/example_dags/tutorial.py
[2023-01-12T18:15:51.037+0000] {processor.py:743} INFO - Processing file /home/airflow/.local/lib/python3.7/site-packages/airflow/example_dags/tutorial.py for tasks to queue
[2023-01-12T18:15:51.038+0000] {logging_mixin.py:137} INFO - [2023-01-12T18:15:51.038+0000] {dagbag.py:538} INFO - Filling up the DagBag from /home/airflow/.local/lib/python3.7/site-packages/airflow/example_dags/tutorial.py
[2023-01-12T18:15:51.072+0000] {processor.py:753} INFO - DAG(s) dict_keys(['tutorial']) retrieved from /home/airflow/.local/lib/python3.7/site-packages/airflow/example_dags/tutorial.py
[2023-01-12T18:15:51.143+0000] {logging_mixin.py:137} INFO - [2023-01-12T18:15:51.143+0000] {dag.py:2676} INFO - Sync 1 DAGs
[2023-01-12T18:15:51.194+0000] {logging_mixin.py:137} INFO - [2023-01-12T18:15:51.194+0000] {dag.py:3427} INFO - Setting next_dagrun for tutorial to 2023-01-11T18:15:51.193700+00:00, run_after=2023-01-12T18:15:51.193700+00:00
[2023-01-12T18:15:51.252+0000] {processor.py:175} INFO - Processing /home/airflow/.local/lib/python3.7/site-packages/airflow/example_dags/tutorial.py took 0.225 seconds
