[2023-01-24T17:09:35.962+0000] {taskinstance.py:1165} INFO - Dependencies all met for <TaskInstance: assignment.read_flights manual__2023-01-24T17:09:34.340570+00:00 [queued]>
[2023-01-24T17:09:36.003+0000] {taskinstance.py:1165} INFO - Dependencies all met for <TaskInstance: assignment.read_flights manual__2023-01-24T17:09:34.340570+00:00 [queued]>
[2023-01-24T17:09:36.003+0000] {taskinstance.py:1362} INFO - 
--------------------------------------------------------------------------------
[2023-01-24T17:09:36.004+0000] {taskinstance.py:1363} INFO - Starting attempt 1 of 1
[2023-01-24T17:09:36.006+0000] {taskinstance.py:1364} INFO - 
--------------------------------------------------------------------------------
[2023-01-24T17:09:36.040+0000] {taskinstance.py:1383} INFO - Executing <Task(_PythonDecoratedOperator): read_flights> on 2023-01-24 17:09:34.340570+00:00
[2023-01-24T17:09:36.049+0000] {standard_task_runner.py:54} INFO - Started process 1305 to run task
[2023-01-24T17:09:36.065+0000] {standard_task_runner.py:82} INFO - Running: ['***', 'tasks', 'run', 'assignment', 'read_flights', 'manual__2023-01-24T17:09:34.340570+00:00', '--job-id', '7', '--raw', '--subdir', 'DAGS_FOLDER/Assignment.py', '--cfg-path', '/tmp/tmp_wbgpe4i']
[2023-01-24T17:09:36.076+0000] {standard_task_runner.py:83} INFO - Job 7: Subtask read_flights
[2023-01-24T17:09:36.078+0000] {dagbag.py:525} INFO - Filling up the DagBag from /opt/***/dags/Assignment.py
[2023-01-24T17:09:36.284+0000] {task_command.py:384} INFO - Running <TaskInstance: assignment.read_flights manual__2023-01-24T17:09:34.340570+00:00 [running]> on host 6a557bc254c7
[2023-01-24T17:09:36.505+0000] {taskinstance.py:1592} INFO - Exporting the following env vars:
AIRFLOW_CTX_DAG_OWNER=***
AIRFLOW_CTX_DAG_ID=assignment
AIRFLOW_CTX_TASK_ID=read_flights
AIRFLOW_CTX_EXECUTION_DATE=2023-01-24T17:09:34.340570+00:00
AIRFLOW_CTX_TRY_NUMBER=1
AIRFLOW_CTX_DAG_RUN_ID=manual__2023-01-24T17:09:34.340570+00:00
[2023-01-24T17:09:37.148+0000] {python.py:177} INFO - Done. Returned value was: {'LFML': 9, 'EDDK': 5, 'EDDP': 4, 'EGNX': 3, 'EBMB': 1, 'KJFK': 7, 'EPPO': 1, 'OMDB': 6, 'SDTB': 2, 'MMJC': 1, 'WSAP': 2, 'RJTT': 1, 'EIDW': 6, 'LLBG': 3, 'LFRB': 4, 'ESSA': 5, 'OTHH': 4, 'LFHJ': 4, 'LIML': 6, 'LIMC': 10, 'LEBL': 10, 'EGCC': 5, 'LFMD': 4, 'EGPH': 4, 'LFRS': 4, 'EKCH': 5, 'FAOR': 2, 'EGNT': 3, 'LFBO': 6, 'LFBD': 7, 'EKBI': 2, 'EGGW': 2, 'LIMF': 3, 'LFMT': 2, 'EGGD': 2, 'LEAL': 2, 'EGBB': 2, 'LPPT': 6, 'GMMY': 2, 'LIPZ': 4, 'LOWW': 6, 'EGLL': 10, 'VIDP': 2, 'EDDV': 4, 'LIQL': 1, 'ENGM': 4, 'EDDF': 10, 'LEMD': 9, 'LKPR': 4, 'LFLC': 2, 'EDDB': 5, 'LFIX': 2, 'EDDH': 6, 'LHBP': 4, 'EDDM': 7, 'LSZH': 7, 'LGAV': 5, 'LSZM': 3, 'EHAM': 8, 'EDDL': 4, 'LFBP': 3, 'LYBE': 2, 'EGSS': 3, 'LEZL': 3, 'EBKT': 1, 'EPWA': 5, 'KMIA': 3, 'EDDN': 3, 'LROP': 3, 'OLBA': 2, 'KLAX': 4, 'EDFZ': 1, 'EGKK': 3, 'GMMN': 3, 'LTBW': 2, 'SKBO': 1, 'KATL': 3, 'KIAD': 3, 'CYUL': 3, 'LFNG': 3, 'LIPE': 3, 'KDTW': 2, 'LTFM': 5, 'EFHK': 5, 'ESGG': 2, 'LSGG': 5, 'LIRF': 4, 'MMUN': 1, 'LLTN': 2, 'CYYZ': 1, 'EGPF': 1, 'LTFJ': 1, 'OKBK': 1, 'MPMG': 1, 'LEMG': 1, 'KBOS': 2, 'KSEA': 2, 'KSLC': 1, 'KORD': 3, 'KCVG': 1, 'EPKK': 2, 'BIKF': 2, 'VTBS': 1, 'LFMN': 3, 'ELLX': 2, 'UGTB': 1, 'VHHH': 1, 'LPPR': 2, 'LLHZ': 1, 'LFRN': 1, 'LJCE': 2, 'LFFW': 1, 'MMMX': 1, 'VOBL': 1, 'KDFW': 1, 'KSFO': 2, 'CYHU': 1, 'OBBI': 1, 'KMSP': 1, 'VOMM': 1, 'SAEZ': 1, 'OM11': 1, 'EVRA': 1, 'KEWR': 2, 'LJLJ': 2, 'EDDS': 1, 'EBBR': 1, 'LIRQ': 1, 'LIME': 1, 'EINN': 1, 'EPGD': 1, 'LKTB': 1, 'KIND': 1, 'LFNR': 1}
[2023-01-24T17:09:37.218+0000] {taskinstance.py:1406} INFO - Marking task as SUCCESS. dag_id=assignment, task_id=read_flights, execution_date=20230124T170934, start_date=20230124T170935, end_date=20230124T170937
[2023-01-24T17:09:37.323+0000] {local_task_job.py:164} INFO - Task exited with return code 0
[2023-01-24T17:09:37.359+0000] {local_task_job.py:273} INFO - 0 downstream tasks scheduled from follow-on schedule check
