[2023-01-24T15:20:12.441+0000] {taskinstance.py:1087} INFO - Dependencies all met for <TaskInstance: exercise16.read_users manual__2023-01-24T15:20:09.706526+00:00 [queued]>
[2023-01-24T15:20:12.486+0000] {taskinstance.py:1087} INFO - Dependencies all met for <TaskInstance: exercise16.read_users manual__2023-01-24T15:20:09.706526+00:00 [queued]>
[2023-01-24T15:20:12.487+0000] {taskinstance.py:1283} INFO - 
--------------------------------------------------------------------------------
[2023-01-24T15:20:12.488+0000] {taskinstance.py:1284} INFO - Starting attempt 1 of 1
[2023-01-24T15:20:12.489+0000] {taskinstance.py:1285} INFO - 
--------------------------------------------------------------------------------
[2023-01-24T15:20:12.548+0000] {taskinstance.py:1304} INFO - Executing <Task(_PythonDecoratedOperator): read_users> on 2023-01-24 15:20:09.706526+00:00
[2023-01-24T15:20:12.569+0000] {standard_task_runner.py:55} INFO - Started process 219 to run task
[2023-01-24T15:20:12.583+0000] {standard_task_runner.py:82} INFO - Running: ['***', 'tasks', 'run', 'exercise16', 'read_users', 'manual__2023-01-24T15:20:09.706526+00:00', '--job-id', '31', '--raw', '--subdir', 'DAGS_FOLDER/exercise16.py', '--cfg-path', '/tmp/tmpnuin2el_']
[2023-01-24T15:20:12.585+0000] {standard_task_runner.py:83} INFO - Job 31: Subtask read_users
[2023-01-24T15:20:12.735+0000] {task_command.py:389} INFO - Running <TaskInstance: exercise16.read_users manual__2023-01-24T15:20:09.706526+00:00 [running]> on host 3eb38391a0f6
[2023-01-24T15:20:13.033+0000] {taskinstance.py:1513} INFO - Exporting the following env vars:
AIRFLOW_CTX_DAG_OWNER=***
AIRFLOW_CTX_DAG_ID=exercise16
AIRFLOW_CTX_TASK_ID=read_users
AIRFLOW_CTX_EXECUTION_DATE=2023-01-24T15:20:09.706526+00:00
AIRFLOW_CTX_TRY_NUMBER=1
AIRFLOW_CTX_DAG_RUN_ID=manual__2023-01-24T15:20:09.706526+00:00
[2023-01-24T15:20:13.089+0000] {python.py:177} INFO - Done. Returned value was: {'users': [{'id': '0001', 'name': 'Pierre', 'city': 'Paris', 'school': 'EPITA', 'age': 36, 'is_teacher': True}, {'id': '0002', 'name': 'Ada', 'city': 'London', 'school': 'Home', 'age': 28, 'is_teacher': False}, {'id': '0003', 'name': 'Margaret', 'city': 'Boston', 'school': 'MIT', 'age': 33, 'is_teacher': True}]}
[2023-01-24T15:20:13.251+0000] {taskinstance.py:1327} INFO - Marking task as SUCCESS. dag_id=exercise16, task_id=read_users, execution_date=20230124T152009, start_date=20230124T152012, end_date=20230124T152013
[2023-01-24T15:20:13.329+0000] {local_task_job.py:159} INFO - Task exited with return code 0
[2023-01-24T15:20:13.387+0000] {taskinstance.py:2582} INFO - 1 downstream tasks scheduled from follow-on schedule check
