[2023-01-17T18:07:53.416+0000] {taskinstance.py:1087} INFO - Dependencies all met for <TaskInstance: first_dag.read_users manual__2023-01-17T18:07:49.855680+00:00 [queued]>
[2023-01-17T18:07:53.445+0000] {taskinstance.py:1087} INFO - Dependencies all met for <TaskInstance: first_dag.read_users manual__2023-01-17T18:07:49.855680+00:00 [queued]>
[2023-01-17T18:07:53.446+0000] {taskinstance.py:1283} INFO - 
--------------------------------------------------------------------------------
[2023-01-17T18:07:53.446+0000] {taskinstance.py:1284} INFO - Starting attempt 1 of 1
[2023-01-17T18:07:53.448+0000] {taskinstance.py:1285} INFO - 
--------------------------------------------------------------------------------
[2023-01-17T18:07:53.486+0000] {taskinstance.py:1304} INFO - Executing <Task(_PythonDecoratedOperator): read_users> on 2023-01-17 18:07:49.855680+00:00
[2023-01-17T18:07:53.494+0000] {standard_task_runner.py:55} INFO - Started process 2376 to run task
[2023-01-17T18:07:53.508+0000] {standard_task_runner.py:82} INFO - Running: ['***', 'tasks', 'run', 'first_dag', 'read_users', 'manual__2023-01-17T18:07:49.855680+00:00', '--job-id', '15', '--raw', '--subdir', 'DAGS_FOLDER/exercise15.py', '--cfg-path', '/tmp/tmpbb791h0v']
[2023-01-17T18:07:53.512+0000] {standard_task_runner.py:83} INFO - Job 15: Subtask read_users
[2023-01-17T18:07:53.670+0000] {task_command.py:389} INFO - Running <TaskInstance: first_dag.read_users manual__2023-01-17T18:07:49.855680+00:00 [running]> on host 862053b66abd
[2023-01-17T18:07:53.866+0000] {taskinstance.py:1513} INFO - Exporting the following env vars:
AIRFLOW_CTX_DAG_OWNER=***
AIRFLOW_CTX_DAG_ID=first_dag
AIRFLOW_CTX_TASK_ID=read_users
AIRFLOW_CTX_EXECUTION_DATE=2023-01-17T18:07:49.855680+00:00
AIRFLOW_CTX_TRY_NUMBER=1
AIRFLOW_CTX_DAG_RUN_ID=manual__2023-01-17T18:07:49.855680+00:00
[2023-01-17T18:07:53.871+0000] {logging_mixin.py:137} INFO - [{"id": "0001", "name": "Pierre", "city": "Paris", "school": "EPITA", "age": 36, "is_teacher": true}, {"id": "0002", "name": "Ada", "city": "London", "school": "Home", "age": 28, "is_teacher": false}, {"id": "0003", "name": "Margaret", "city": "Boston", "school": "MIT", "age": 33, "is_teacher": true}]
[2023-01-17T18:07:53.872+0000] {python.py:177} INFO - Done. Returned value was: [{"id": "0001", "name": "Pierre", "city": "Paris", "school": "EPITA", "age": 36, "is_teacher": true}, {"id": "0002", "name": "Ada", "city": "London", "school": "Home", "age": 28, "is_teacher": false}, {"id": "0003", "name": "Margaret", "city": "Boston", "school": "MIT", "age": 33, "is_teacher": true}]
[2023-01-17T18:07:53.923+0000] {taskinstance.py:1327} INFO - Marking task as SUCCESS. dag_id=first_dag, task_id=read_users, execution_date=20230117T180749, start_date=20230117T180753, end_date=20230117T180753
[2023-01-17T18:07:54.002+0000] {local_task_job.py:159} INFO - Task exited with return code 0
[2023-01-17T18:07:54.056+0000] {taskinstance.py:2582} INFO - 1 downstream tasks scheduled from follow-on schedule check
