[2023-01-24T17:26:22.662+0000] {taskinstance.py:1165} INFO - Dependencies all met for <TaskInstance: exercise15.transform_users manual__2023-01-24T17:26:19.852947+00:00 [queued]>
[2023-01-24T17:26:22.700+0000] {taskinstance.py:1165} INFO - Dependencies all met for <TaskInstance: exercise15.transform_users manual__2023-01-24T17:26:19.852947+00:00 [queued]>
[2023-01-24T17:26:22.701+0000] {taskinstance.py:1362} INFO - 
--------------------------------------------------------------------------------
[2023-01-24T17:26:22.701+0000] {taskinstance.py:1363} INFO - Starting attempt 1 of 1
[2023-01-24T17:26:22.703+0000] {taskinstance.py:1364} INFO - 
--------------------------------------------------------------------------------
[2023-01-24T17:26:22.752+0000] {taskinstance.py:1383} INFO - Executing <Task(_PythonDecoratedOperator): transform_users> on 2023-01-24 17:26:19.852947+00:00
[2023-01-24T17:26:22.770+0000] {standard_task_runner.py:54} INFO - Started process 2048 to run task
[2023-01-24T17:26:22.780+0000] {standard_task_runner.py:82} INFO - Running: ['***', 'tasks', 'run', 'exercise15', 'transform_users', 'manual__2023-01-24T17:26:19.852947+00:00', '--job-id', '10', '--raw', '--subdir', 'DAGS_FOLDER/exercise15.py', '--cfg-path', '/tmp/tmp5ebn0jm9']
[2023-01-24T17:26:22.787+0000] {standard_task_runner.py:83} INFO - Job 10: Subtask transform_users
[2023-01-24T17:26:22.791+0000] {dagbag.py:525} INFO - Filling up the DagBag from /opt/***/dags/exercise15.py
[2023-01-24T17:26:22.882+0000] {taskmixin.py:205} WARNING - Dependency <Task(_PythonDecoratedOperator): read_users>, transform_users already registered for DAG: exercise15
[2023-01-24T17:26:22.886+0000] {taskmixin.py:205} WARNING - Dependency <Task(_PythonDecoratedOperator): transform_users>, read_users already registered for DAG: exercise15
[2023-01-24T17:26:22.888+0000] {taskmixin.py:205} WARNING - Dependency <Task(_PythonDecoratedOperator): read_users>, transform_users already registered for DAG: exercise15
[2023-01-24T17:26:22.889+0000] {taskmixin.py:205} WARNING - Dependency <Task(_PythonDecoratedOperator): transform_users>, read_users already registered for DAG: exercise15
[2023-01-24T17:26:22.890+0000] {taskmixin.py:205} WARNING - Dependency <Task(_PythonDecoratedOperator): read_users>, transform_users already registered for DAG: exercise15
[2023-01-24T17:26:22.890+0000] {taskmixin.py:205} WARNING - Dependency <Task(_PythonDecoratedOperator): transform_users>, read_users already registered for DAG: exercise15
[2023-01-24T17:26:22.892+0000] {taskmixin.py:205} WARNING - Dependency <Task(_PythonDecoratedOperator): read_users>, transform_users already registered for DAG: exercise15
[2023-01-24T17:26:22.892+0000] {taskmixin.py:205} WARNING - Dependency <Task(_PythonDecoratedOperator): transform_users>, read_users already registered for DAG: exercise15
[2023-01-24T17:26:22.894+0000] {taskmixin.py:205} WARNING - Dependency <Task(_PythonDecoratedOperator): read_users>, transform_users already registered for DAG: exercise15
[2023-01-24T17:26:22.895+0000] {taskmixin.py:205} WARNING - Dependency <Task(_PythonDecoratedOperator): transform_users>, read_users already registered for DAG: exercise15
[2023-01-24T17:26:22.896+0000] {taskmixin.py:205} WARNING - Dependency <Task(_PythonDecoratedOperator): read_users>, transform_users already registered for DAG: exercise15
[2023-01-24T17:26:22.899+0000] {taskmixin.py:205} WARNING - Dependency <Task(_PythonDecoratedOperator): transform_users>, read_users already registered for DAG: exercise15
[2023-01-24T17:26:23.092+0000] {task_command.py:384} INFO - Running <TaskInstance: exercise15.transform_users manual__2023-01-24T17:26:19.852947+00:00 [running]> on host 6a557bc254c7
[2023-01-24T17:26:23.524+0000] {taskinstance.py:1592} INFO - Exporting the following env vars:
AIRFLOW_CTX_DAG_OWNER=***
AIRFLOW_CTX_DAG_ID=exercise15
AIRFLOW_CTX_TASK_ID=transform_users
AIRFLOW_CTX_EXECUTION_DATE=2023-01-24T17:26:19.852947+00:00
AIRFLOW_CTX_TRY_NUMBER=1
AIRFLOW_CTX_DAG_RUN_ID=manual__2023-01-24T17:26:19.852947+00:00
[2023-01-24T17:26:23.529+0000] {logging_mixin.py:117} INFO - User(id='0001', name='Pierre', city='Paris', school='EPITA', age=36, is_teacher=True)
[2023-01-24T17:26:23.531+0000] {logging_mixin.py:117} INFO - User(id='0002', name='Ada', city='London', school='Home', age=28, is_teacher=False)
[2023-01-24T17:26:23.532+0000] {logging_mixin.py:117} INFO - User(id='0003', name='Margaret', city='Boston', school='MIT', age=33, is_teacher=True)
[2023-01-24T17:26:23.533+0000] {python.py:177} INFO - Done. Returned value was: None
[2023-01-24T17:26:23.564+0000] {taskinstance.py:1406} INFO - Marking task as SUCCESS. dag_id=exercise15, task_id=transform_users, execution_date=20230124T172619, start_date=20230124T172622, end_date=20230124T172623
[2023-01-24T17:26:23.695+0000] {local_task_job.py:164} INFO - Task exited with return code 0
[2023-01-24T17:26:23.787+0000] {local_task_job.py:273} INFO - 0 downstream tasks scheduled from follow-on schedule check
