[2023-01-17T17:01:18.593+0000] {taskinstance.py:1087} INFO - Dependencies all met for <TaskInstance: tutorial_taskflow_api.transform manual__2023-01-17T17:01:10.654843+00:00 [queued]>
[2023-01-17T17:01:18.645+0000] {taskinstance.py:1087} INFO - Dependencies all met for <TaskInstance: tutorial_taskflow_api.transform manual__2023-01-17T17:01:10.654843+00:00 [queued]>
[2023-01-17T17:01:18.646+0000] {taskinstance.py:1283} INFO - 
--------------------------------------------------------------------------------
[2023-01-17T17:01:18.647+0000] {taskinstance.py:1284} INFO - Starting attempt 1 of 1
[2023-01-17T17:01:18.647+0000] {taskinstance.py:1285} INFO - 
--------------------------------------------------------------------------------
[2023-01-17T17:01:18.743+0000] {taskinstance.py:1304} INFO - Executing <Task(_PythonDecoratedOperator): transform> on 2023-01-17 17:01:10.654843+00:00
[2023-01-17T17:01:18.762+0000] {standard_task_runner.py:55} INFO - Started process 367 to run task
[2023-01-17T17:01:18.841+0000] {standard_task_runner.py:82} INFO - Running: ['***', 'tasks', 'run', 'tutorial_taskflow_api', 'transform', 'manual__2023-01-17T17:01:10.654843+00:00', '--job-id', '10', '--raw', '--subdir', '/home/***/.local/lib/python3.7/site-packages/***/example_dags/tutorial_taskflow_api.py', '--cfg-path', '/tmp/tmpt_pea1yx']
[2023-01-17T17:01:18.846+0000] {standard_task_runner.py:83} INFO - Job 10: Subtask transform
[2023-01-17T17:01:19.190+0000] {task_command.py:389} INFO - Running <TaskInstance: tutorial_taskflow_api.transform manual__2023-01-17T17:01:10.654843+00:00 [running]> on host d2450c652fb7
[2023-01-17T17:01:19.571+0000] {taskinstance.py:1513} INFO - Exporting the following env vars:
AIRFLOW_CTX_DAG_OWNER=***
AIRFLOW_CTX_DAG_ID=tutorial_taskflow_api
AIRFLOW_CTX_TASK_ID=transform
AIRFLOW_CTX_EXECUTION_DATE=2023-01-17T17:01:10.654843+00:00
AIRFLOW_CTX_TRY_NUMBER=1
AIRFLOW_CTX_DAG_RUN_ID=manual__2023-01-17T17:01:10.654843+00:00
[2023-01-17T17:01:19.576+0000] {python.py:177} INFO - Done. Returned value was: {'total_order_value': 1236.7}
[2023-01-17T17:01:19.695+0000] {taskinstance.py:1327} INFO - Marking task as SUCCESS. dag_id=tutorial_taskflow_api, task_id=transform, execution_date=20230117T170110, start_date=20230117T170118, end_date=20230117T170119
[2023-01-17T17:01:19.890+0000] {local_task_job.py:159} INFO - Task exited with return code 0
[2023-01-17T17:01:20.094+0000] {taskinstance.py:2582} INFO - 1 downstream tasks scheduled from follow-on schedule check
