[2023-01-24T17:29:28.945+0000] {taskinstance.py:1165} INFO - Dependencies all met for <TaskInstance: assignment.write_in_json manual__2023-01-24T17:29:23.414776+00:00 [queued]>
[2023-01-24T17:29:28.974+0000] {taskinstance.py:1165} INFO - Dependencies all met for <TaskInstance: assignment.write_in_json manual__2023-01-24T17:29:23.414776+00:00 [queued]>
[2023-01-24T17:29:28.975+0000] {taskinstance.py:1362} INFO - 
--------------------------------------------------------------------------------
[2023-01-24T17:29:28.975+0000] {taskinstance.py:1363} INFO - Starting attempt 1 of 1
[2023-01-24T17:29:28.976+0000] {taskinstance.py:1364} INFO - 
--------------------------------------------------------------------------------
[2023-01-24T17:29:29.017+0000] {taskinstance.py:1383} INFO - Executing <Task(_PythonDecoratedOperator): write_in_json> on 2023-01-24 17:29:23.414776+00:00
[2023-01-24T17:29:29.041+0000] {standard_task_runner.py:54} INFO - Started process 2182 to run task
[2023-01-24T17:29:29.063+0000] {standard_task_runner.py:82} INFO - Running: ['***', 'tasks', 'run', 'assignment', 'write_in_json', 'manual__2023-01-24T17:29:23.414776+00:00', '--job-id', '12', '--raw', '--subdir', 'DAGS_FOLDER/Assignment.py', '--cfg-path', '/tmp/tmp2dww0bwt']
[2023-01-24T17:29:29.067+0000] {standard_task_runner.py:83} INFO - Job 12: Subtask write_in_json
[2023-01-24T17:29:29.069+0000] {dagbag.py:525} INFO - Filling up the DagBag from /opt/***/dags/Assignment.py
[2023-01-24T17:29:29.130+0000] {taskmixin.py:205} WARNING - Dependency <Task(_PythonDecoratedOperator): read_flights>, write_in_json already registered for DAG: assignment
[2023-01-24T17:29:29.138+0000] {taskmixin.py:205} WARNING - Dependency <Task(_PythonDecoratedOperator): write_in_json>, read_flights already registered for DAG: assignment
[2023-01-24T17:29:29.139+0000] {taskmixin.py:205} WARNING - Dependency <Task(_PythonDecoratedOperator): read_flights>, write_in_json already registered for DAG: assignment
[2023-01-24T17:29:29.139+0000] {taskmixin.py:205} WARNING - Dependency <Task(_PythonDecoratedOperator): write_in_json>, read_flights already registered for DAG: assignment
[2023-01-24T17:29:29.140+0000] {taskmixin.py:205} WARNING - Dependency <Task(_PythonDecoratedOperator): read_flights>, write_in_json already registered for DAG: assignment
[2023-01-24T17:29:29.140+0000] {taskmixin.py:205} WARNING - Dependency <Task(_PythonDecoratedOperator): write_in_json>, read_flights already registered for DAG: assignment
[2023-01-24T17:29:29.142+0000] {taskmixin.py:205} WARNING - Dependency <Task(_PythonDecoratedOperator): read_flights>, write_in_json already registered for DAG: assignment
[2023-01-24T17:29:29.144+0000] {taskmixin.py:205} WARNING - Dependency <Task(_PythonDecoratedOperator): write_in_json>, read_flights already registered for DAG: assignment
[2023-01-24T17:29:29.145+0000] {taskmixin.py:205} WARNING - Dependency <Task(_PythonDecoratedOperator): read_flights>, write_in_json already registered for DAG: assignment
[2023-01-24T17:29:29.146+0000] {taskmixin.py:205} WARNING - Dependency <Task(_PythonDecoratedOperator): write_in_json>, read_flights already registered for DAG: assignment
[2023-01-24T17:29:29.147+0000] {taskmixin.py:205} WARNING - Dependency <Task(_PythonDecoratedOperator): read_flights>, write_in_json already registered for DAG: assignment
[2023-01-24T17:29:29.147+0000] {taskmixin.py:205} WARNING - Dependency <Task(_PythonDecoratedOperator): write_in_json>, read_flights already registered for DAG: assignment
[2023-01-24T17:29:29.316+0000] {task_command.py:384} INFO - Running <TaskInstance: assignment.write_in_json manual__2023-01-24T17:29:23.414776+00:00 [running]> on host 6a557bc254c7
[2023-01-24T17:29:29.651+0000] {taskinstance.py:1592} INFO - Exporting the following env vars:
AIRFLOW_CTX_DAG_OWNER=***
AIRFLOW_CTX_DAG_ID=assignment
AIRFLOW_CTX_TASK_ID=write_in_json
AIRFLOW_CTX_EXECUTION_DATE=2023-01-24T17:29:23.414776+00:00
AIRFLOW_CTX_TRY_NUMBER=1
AIRFLOW_CTX_DAG_RUN_ID=manual__2023-01-24T17:29:23.414776+00:00
[2023-01-24T17:29:29.658+0000] {logging_mixin.py:117} INFO - Flight(icao24='3922ed', firstSeen=1669938860, estDepartureAirport='LFPG', lastSeen=1669942318, estArrivalAirport='LFML', callsign='FPO725  ', estDepartureAirportHorizDistance=1727, estDepartureAirportVertDistance=25, estArrivalAirportHorizDistance=7803, estArrivalAirportVertDistance=213, departureAirportCandidatesCount=2, arrivalAirportCandidatesCount=5)
[2023-01-24T17:29:29.662+0000] {logging_mixin.py:117} INFO - Flight(icao24='347302', firstSeen=1669936624, estDepartureAirport='LFPG', lastSeen=1669939415, estArrivalAirport='EDDK', callsign='BCS1843 ', estDepartureAirportHorizDistance=3177, estDepartureAirportVertDistance=101, estArrivalAirportHorizDistance=891, estArrivalAirportVertDistance=107, departureAirportCandidatesCount=2, arrivalAirportCandidatesCount=2)
[2023-01-24T17:29:29.666+0000] {logging_mixin.py:117} INFO - Flight(icao24='3c542f', firstSeen=1669935978, estDepartureAirport='LFPG', lastSeen=1669939932, estArrivalAirport='EDDP', callsign='BCS58L  ', estDepartureAirportHorizDistance=3263, estDepartureAirportVertDistance=101, estArrivalAirportHorizDistance=1838, estArrivalAirportVertDistance=111, departureAirportCandidatesCount=2, arrivalAirportCandidatesCount=6)
[2023-01-24T17:29:29.666+0000] {logging_mixin.py:117} INFO - Flight(icao24='440bbe', firstSeen=1669935529, estDepartureAirport='LFPG', lastSeen=1669938700, estArrivalAirport='EGNX', callsign='BCS6TL  ', estDepartureAirportHorizDistance=3015, estDepartureAirportVertDistance=93, estArrivalAirportHorizDistance=572, estArrivalAirportVertDistance=131, departureAirportCandidatesCount=2, arrivalAirportCandidatesCount=4)
[2023-01-24T17:29:29.669+0000] {logging_mixin.py:117} INFO - Flight(icao24='452051', firstSeen=1669935456, estDepartureAirport='LFPG', lastSeen=1669937673, estArrivalAirport='EBMB', callsign='BCS21Q  ', estDepartureAirportHorizDistance=3057, estDepartureAirportVertDistance=17, estArrivalAirportHorizDistance=821, estArrivalAirportVertDistance=75, departureAirportCandidatesCount=2, arrivalAirportCandidatesCount=3)
[2023-01-24T17:29:29.670+0000] {logging_mixin.py:117} INFO - Flight(icao24='3949f0', firstSeen=1669935102, estDepartureAirport='LFPG', lastSeen=1669962259, estArrivalAirport='KJFK', callsign='AFR008  ', estDepartureAirportHorizDistance=4027, estDepartureAirportVertDistance=48, estArrivalAirportHorizDistance=3005, estArrivalAirportVertDistance=42, departureAirportCandidatesCount=2, arrivalAirportCandidatesCount=2)
[2023-01-24T17:29:29.670+0000] {logging_mixin.py:117} INFO - Flight(icao24='4891b3', firstSeen=1669934995, estDepartureAirport='LFPG', lastSeen=1669940598, estArrivalAirport='EPPO', callsign='ENT54RJ ', estDepartureAirportHorizDistance=3301, estDepartureAirportVertDistance=63, estArrivalAirportHorizDistance=2921, estArrivalAirportVertDistance=25, departureAirportCandidatesCount=2, arrivalAirportCandidatesCount=3)
[2023-01-24T17:29:29.672+0000] {logging_mixin.py:117} INFO - Flight(icao24='3949f8', firstSeen=1669934849, estDepartureAirport='LFPG', lastSeen=1669957297, estArrivalAirport='OMDB', callsign='AFR658  ', estDepartureAirportHorizDistance=4076, estDepartureAirportVertDistance=55, estArrivalAirportHorizDistance=1956, estArrivalAirportVertDistance=34, departureAirportCandidatesCount=2, arrivalAirportCandidatesCount=2)
[2023-01-24T17:29:29.673+0000] {logging_mixin.py:117} INFO - Flight(icao24='39cf06', firstSeen=1669934661, estDepartureAirport='LFPG', lastSeen=1669973413, estArrivalAirport='SDTB', callsign='AFR454  ', estDepartureAirportHorizDistance=4506, estDepartureAirportVertDistance=63, estArrivalAirportHorizDistance=21106, estArrivalAirportVertDistance=1351, departureAirportCandidatesCount=2, arrivalAirportCandidatesCount=2)
[2023-01-24T17:29:29.673+0000] {logging_mixin.py:117} INFO - Flight(icao24='4caca7', firstSeen=1669934512, estDepartureAirport='LFPG', lastSeen=1669938908, estArrivalAirport='EDDP', callsign='BCS48B  ', estDepartureAirportHorizDistance=3334, estDepartureAirportVertDistance=55, estArrivalAirportHorizDistance=928, estArrivalAirportVertDistance=126, departureAirportCandidatesCount=2, arrivalAirportCandidatesCount=6)
[2023-01-24T17:29:29.683+0000] {logging_mixin.py:117} INFO - Flight(icao24='45ce57', firstSeen=1669934233, estDepartureAirport='LFPG', lastSeen=1669937097, estArrivalAirport='EDDK', callsign='SRR6315 ', estDepartureAirportHorizDistance=3045, estDepartureAirportVertDistance=71, estArrivalAirportHorizDistance=1870, estArrivalAirportVertDistance=84, departureAirportCandidatesCount=2, arrivalAirportCandidatesCount=2)
[2023-01-24T17:29:29.684+0000] {logging_mixin.py:117} INFO - Flight(icao24='ac0d21', firstSeen=1669933263, estDepartureAirport='LFPG', lastSeen=1669936574, estArrivalAirport='EGNX', callsign='FDX47   ', estDepartureAirportHorizDistance=1494, estDepartureAirportVertDistance=25, estArrivalAirportHorizDistance=1379, estArrivalAirportVertDistance=116, departureAirportCandidatesCount=2, arrivalAirportCandidatesCount=3)
[2023-01-24T17:29:29.684+0000] {logging_mixin.py:117} INFO - Flight(icao24='0d09d0', firstSeen=1669933023, estDepartureAirport='LFPG', lastSeen=1669973587, estArrivalAirport='MMJC', callsign='AMX004  ', estDepartureAirportHorizDistance=4819, estDepartureAirportVertDistance=32, estArrivalAirportHorizDistance=16482, estArrivalAirportVertDistance=748, departureAirportCandidatesCount=2, arrivalAirportCandidatesCount=1)
[2023-01-24T17:29:29.684+0000] {logging_mixin.py:117} INFO - Flight(icao24='76cdc1', firstSeen=1669932899, estDepartureAirport='LFPG', lastSeen=1669977404, estArrivalAirport='WSAP', callsign='SIA331  ', estDepartureAirportHorizDistance=5130, estDepartureAirportVertDistance=40, estArrivalAirportHorizDistance=23057, estArrivalAirportVertDistance=1191, departureAirportCandidatesCount=2, arrivalAirportCandidatesCount=4)
[2023-01-24T17:29:29.685+0000] {logging_mixin.py:117} INFO - Flight(icao24='39c425', firstSeen=1669932466, estDepartureAirport='LFPG', lastSeen=1669977794, estArrivalAirport='RJTT', callsign='AFR274  ', estDepartureAirportHorizDistance=4524, estDepartureAirportVertDistance=17, estArrivalAirportHorizDistance=4128, estArrivalAirportVertDistance=35, departureAirportCandidatesCount=2, arrivalAirportCandidatesCount=2)
[2023-01-24T17:29:29.685+0000] {logging_mixin.py:117} INFO - Flight(icao24='394c12', firstSeen=1669932309, estDepartureAirport='LFPG', lastSeen=1669936768, estArrivalAirport='EIDW', callsign='AFR55SM ', estDepartureAirportHorizDistance=4000, estDepartureAirportVertDistance=10, estArrivalAirportHorizDistance=1383, estArrivalAirportVertDistance=96, departureAirportCandidatesCount=2, arrivalAirportCandidatesCount=4)
[2023-01-24T17:29:29.685+0000] {logging_mixin.py:117} INFO - Flight(icao24='7380c7', firstSeen=1669930957, estDepartureAirport='LFPG', lastSeen=1669944497, estArrivalAirport='LLBG', callsign='ELY326  ', estDepartureAirportHorizDistance=4634, estDepartureAirportVertDistance=2, estArrivalAirportHorizDistance=7704, estArrivalAirportVertDistance=271, departureAirportCandidatesCount=2, arrivalAirportCandidatesCount=4)
[2023-01-24T17:29:29.686+0000] {logging_mixin.py:117} INFO - Flight(icao24='3944ea', firstSeen=1669930481, estDepartureAirport='LFPG', lastSeen=1669934010, estArrivalAirport='LFML', callsign='AFR76HY ', estDepartureAirportHorizDistance=3625, estDepartureAirportVertDistance=20, estArrivalAirportHorizDistance=5108, estArrivalAirportVertDistance=274, departureAirportCandidatesCount=2, arrivalAirportCandidatesCount=3)
[2023-01-24T17:29:29.686+0000] {logging_mixin.py:117} INFO - Flight(icao24='a3bf1e', firstSeen=1669930343, estDepartureAirport='LFPG', lastSeen=1669933077, estArrivalAirport='EDDK', callsign='UPS219  ', estDepartureAirportHorizDistance=3375, estDepartureAirportVertDistance=32, estArrivalAirportHorizDistance=2250, estArrivalAirportVertDistance=69, departureAirportCandidatesCount=2, arrivalAirportCandidatesCount=2)
[2023-01-24T17:29:29.686+0000] {logging_mixin.py:117} INFO - Flight(icao24='3965a3', firstSeen=1669930255, estDepartureAirport='LFPG', lastSeen=1669975020, estArrivalAirport='WSAP', callsign='AFR256  ', estDepartureAirportHorizDistance=4529, estDepartureAirportVertDistance=40, estArrivalAirportHorizDistance=25247, estArrivalAirportVertDistance=1397, departureAirportCandidatesCount=2, arrivalAirportCandidatesCount=3)
[2023-01-24T17:29:29.687+0000] {logging_mixin.py:117} INFO - Flight(icao24='3944f5', firstSeen=1669930175, estDepartureAirport='LFPG', lastSeen=1669933064, estArrivalAirport='LFRB', callsign='AFR25GV ', estDepartureAirportHorizDistance=3651, estDepartureAirportVertDistance=20, estArrivalAirportHorizDistance=3254, estArrivalAirportVertDistance=7, departureAirportCandidatesCount=2, arrivalAirportCandidatesCount=2)
[2023-01-24T17:29:29.687+0000] {logging_mixin.py:117} INFO - Flight(icao24='3991e8', firstSeen=1669930075, estDepartureAirport='LFPG', lastSeen=1669938233, estArrivalAirport='ESSA', callsign='AFR19DT ', estDepartureAirportHorizDistance=3786, estDepartureAirportVertDistance=32, estArrivalAirportHorizDistance=1002, estArrivalAirportVertDistance=209, departureAirportCandidatesCount=2, arrivalAirportCandidatesCount=0)
[2023-01-24T17:29:29.687+0000] {logging_mixin.py:117} INFO - Flight(icao24='06a1be', firstSeen=1669929909, estDepartureAirport='LFPG', lastSeen=1669951341, estArrivalAirport='OTHH', callsign='QTR038  ', estDepartureAirportHorizDistance=4702, estDepartureAirportVertDistance=32, estArrivalAirportHorizDistance=1233, estArrivalAirportVertDistance=33, departureAirportCandidatesCount=2, arrivalAirportCandidatesCount=1)
[2023-01-24T17:29:29.688+0000] {logging_mixin.py:117} INFO - Flight(icao24='3991e5', firstSeen=1669929817, estDepartureAirport='LFPG', lastSeen=1669932336, estArrivalAirport='LFHJ', callsign='AFR39YJ ', estDepartureAirportHorizDistance=3822, estDepartureAirportVertDistance=17, estArrivalAirportHorizDistance=3352, estArrivalAirportVertDistance=1264, departureAirportCandidatesCount=2, arrivalAirportCandidatesCount=4)
[2023-01-24T17:29:29.688+0000] {logging_mixin.py:117} INFO - Flight(icao24='4ca349', firstSeen=1669929660, estDepartureAirport='LFPG', lastSeen=1669934011, estArrivalAirport='EDDP', callsign='BCS1265 ', estDepartureAirportHorizDistance=3821, estDepartureAirportVertDistance=32, estArrivalAirportHorizDistance=2518, estArrivalAirportVertDistance=103, departureAirportCandidatesCount=2, arrivalAirportCandidatesCount=6)
[2023-01-24T17:29:29.692+0000] {logging_mixin.py:117} INFO - Flight(icao24='39e684', firstSeen=1669929354, estDepartureAirport='LFPG', lastSeen=1669933245, estArrivalAirport='LIML', callsign='AFR58AX ', estDepartureAirportHorizDistance=3455, estDepartureAirportVertDistance=10, estArrivalAirportHorizDistance=973, estArrivalAirportVertDistance=46, departureAirportCandidatesCount=2, arrivalAirportCandidatesCount=1)
[2023-01-24T17:29:29.693+0000] {logging_mixin.py:117} INFO - Flight(icao24='440c36', firstSeen=1669929213, estDepartureAirport='LFPG', lastSeen=1669932814, estArrivalAirport='LIMC', callsign='EJU56DZ ', estDepartureAirportHorizDistance=3675, estDepartureAirportVertDistance=20, estArrivalAirportHorizDistance=1003, estArrivalAirportVertDistance=81, departureAirportCandidatesCount=2, arrivalAirportCandidatesCount=4)
[2023-01-24T17:29:29.693+0000] {logging_mixin.py:117} INFO - Flight(icao24='3444cc', firstSeen=1669928927, estDepartureAirport='LFPG', lastSeen=1669933759, estArrivalAirport='LEBL', callsign='VLG6JC  ', estDepartureAirportHorizDistance=3191, estDepartureAirportVertDistance=5, estArrivalAirportHorizDistance=941, estArrivalAirportVertDistance=49, departureAirportCandidatesCount=2, arrivalAirportCandidatesCount=1)
[2023-01-24T17:29:29.696+0000] {logging_mixin.py:117} INFO - Flight(icao24='4ca292', firstSeen=1669928912, estDepartureAirport='LFPG', lastSeen=1669933353, estArrivalAirport='EIDW', callsign='EIN529  ', estDepartureAirportHorizDistance=1566, estDepartureAirportVertDistance=5, estArrivalAirportHorizDistance=958, estArrivalAirportVertDistance=119, departureAirportCandidatesCount=2, arrivalAirportCandidatesCount=4)
[2023-01-24T17:29:29.697+0000] {taskinstance.py:1851} ERROR - Task failed with exception
Traceback (most recent call last):
  File "/home/airflow/.local/lib/python3.7/site-packages/airflow/decorators/base.py", line 188, in execute
    return_value = super().execute(context)
  File "/home/airflow/.local/lib/python3.7/site-packages/airflow/operators/python.py", line 175, in execute
    return_value = self.execute_callable()
  File "/home/airflow/.local/lib/python3.7/site-packages/airflow/operators/python.py", line 193, in execute_callable
    return self.python_callable(*self.op_args, **self.op_kwargs)
  File "/opt/airflow/dags/Assignment.py", line 77, in write_in_json
    print(from_dict(flight))
  File "/opt/airflow/dags/Assignment.py", line 39, in from_dict
    _estArrivalAirportHorizDistance = int(obj.get("estArrivalAirportHorizDistance"))
TypeError: int() argument must be a string, a bytes-like object or a number, not 'NoneType'
[2023-01-24T17:29:29.736+0000] {taskinstance.py:1406} INFO - Marking task as FAILED. dag_id=assignment, task_id=write_in_json, execution_date=20230124T172923, start_date=20230124T172928, end_date=20230124T172929
[2023-01-24T17:29:29.770+0000] {standard_task_runner.py:107} ERROR - Failed to execute job 12 for task write_in_json (int() argument must be a string, a bytes-like object or a number, not 'NoneType'; 2182)
[2023-01-24T17:29:29.844+0000] {local_task_job.py:164} INFO - Task exited with return code 1
[2023-01-24T17:29:29.914+0000] {local_task_job.py:273} INFO - 0 downstream tasks scheduled from follow-on schedule check
