[2023-01-24T17:07:43.046+0000] {taskinstance.py:1165} INFO - Dependencies all met for <TaskInstance: assignment.read_flights manual__2023-01-24T17:07:40.288348+00:00 [queued]>
[2023-01-24T17:07:43.085+0000] {taskinstance.py:1165} INFO - Dependencies all met for <TaskInstance: assignment.read_flights manual__2023-01-24T17:07:40.288348+00:00 [queued]>
[2023-01-24T17:07:43.093+0000] {taskinstance.py:1362} INFO - 
--------------------------------------------------------------------------------
[2023-01-24T17:07:43.093+0000] {taskinstance.py:1363} INFO - Starting attempt 1 of 1
[2023-01-24T17:07:43.094+0000] {taskinstance.py:1364} INFO - 
--------------------------------------------------------------------------------
[2023-01-24T17:07:43.152+0000] {taskinstance.py:1383} INFO - Executing <Task(_PythonDecoratedOperator): read_flights> on 2023-01-24 17:07:40.288348+00:00
[2023-01-24T17:07:43.171+0000] {standard_task_runner.py:54} INFO - Started process 1227 to run task
[2023-01-24T17:07:43.191+0000] {standard_task_runner.py:82} INFO - Running: ['***', 'tasks', 'run', 'assignment', 'read_flights', 'manual__2023-01-24T17:07:40.288348+00:00', '--job-id', '6', '--raw', '--subdir', 'DAGS_FOLDER/Assignment.py', '--cfg-path', '/tmp/tmphcq2izge']
[2023-01-24T17:07:43.193+0000] {standard_task_runner.py:83} INFO - Job 6: Subtask read_flights
[2023-01-24T17:07:43.194+0000] {dagbag.py:525} INFO - Filling up the DagBag from /opt/***/dags/Assignment.py
[2023-01-24T17:07:43.487+0000] {task_command.py:384} INFO - Running <TaskInstance: assignment.read_flights manual__2023-01-24T17:07:40.288348+00:00 [running]> on host 6a557bc254c7
[2023-01-24T17:07:43.795+0000] {taskinstance.py:1592} INFO - Exporting the following env vars:
AIRFLOW_CTX_DAG_OWNER=***
AIRFLOW_CTX_DAG_ID=assignment
AIRFLOW_CTX_TASK_ID=read_flights
AIRFLOW_CTX_EXECUTION_DATE=2023-01-24T17:07:40.288348+00:00
AIRFLOW_CTX_TRY_NUMBER=1
AIRFLOW_CTX_DAG_RUN_ID=manual__2023-01-24T17:07:40.288348+00:00
[2023-01-24T17:07:44.525+0000] {python.py:177} INFO - Done. Returned value was: [('LIMC', 10)]
[2023-01-24T17:07:44.729+0000] {taskinstance.py:1406} INFO - Marking task as SUCCESS. dag_id=assignment, task_id=read_flights, execution_date=20230124T170740, start_date=20230124T170743, end_date=20230124T170744
[2023-01-24T17:07:44.823+0000] {local_task_job.py:164} INFO - Task exited with return code 0
[2023-01-24T17:07:44.893+0000] {local_task_job.py:273} INFO - 0 downstream tasks scheduled from follow-on schedule check
